[2026-01-01 22:18:38,556][Experiment Name][INFO] - transpMHC_train
[2026-01-01 22:18:38,556][Description][INFO] - LyraMHC_blosum80_transpMHC_seed1
[2026-01-01 22:18:38,557][Tags:][INFO] - ['baseline', 'lyra']
[2026-01-01 22:18:39,450][root][INFO] - Run directory: /home/lyb/ben_project/LyraMHC_Project/outputs/transpMHC_train/transpMHC_train/2026-01-01_22-18-38
[2026-01-01 22:18:39,451][root][INFO] - Checkpoints directory: /home/lyb/ben_project/LyraMHC_Project/outputs/transpMHC_train/transpMHC_train/2026-01-01_22-18-38/checkpoints
[2026-01-01 22:18:39,617][Fold 0][INFO] - Train 155161, Val 38791
[2026-01-01 22:18:39,617][Begin training model #][INFO] - 0
[2026-01-01 22:18:39,735][Trainable params][INFO] - 261889
[2026-01-01 22:18:39,736][Start training][INFO] - 2026-01-01 22:18:39.736697
[2026-01-01 22:19:46,865][Training process][INFO] - [base_model0]-[model0]-[Epoch 0000] - time:   53 s, train_loss: 0.43991, val_loss: 0.26026
[2026-01-01 22:19:46,911][metric:][INFO] - {'AUROC': 0.9565913944668243, 'AUPRC': 0.9700644684335484, 'ACC': 0.8950787553814029, 'BACC': 0.8781975732346502, 'F1': 0.918273092369478, 'MCC': 0.7749749672786821, 'val_Loss': 0.2602568849136955}
[2026-01-01 22:20:12,818][Training process][INFO] - [base_model0]-[model0]-[Epoch 0001] - time:   22 s, train_loss: 0.25042, val_loss: 0.20745
[2026-01-01 22:20:12,864][metric:][INFO] - {'AUROC': 0.9737026173498273, 'AUPRC': 0.981591028689909, 'ACC': 0.9174808589621304, 'BACC': 0.9012402766907924, 'F1': 0.9358735500931546, 'MCC': 0.8240039331424783, 'val_Loss': 0.2074514916411748}
[2026-01-01 22:20:38,362][Training process][INFO] - [base_model0]-[model0]-[Epoch 0002] - time:   21 s, train_loss: 0.20558, val_loss: 0.17289
[2026-01-01 22:20:38,408][metric:][INFO] - {'AUROC': 0.9807983738552527, 'AUPRC': 0.9868574677056545, 'ACC': 0.9305251218066046, 'BACC': 0.928043238282892, 'F1': 0.9438412969638875, 'MCC': 0.852887411708095, 'val_Loss': 0.17288934929590477}
[2026-01-01 22:21:04,043][Training process][INFO] - [base_model0]-[model0]-[Epoch 0003] - time:   21 s, train_loss: 0.18206, val_loss: 0.15230
[2026-01-01 22:21:04,089][metric:][INFO] - {'AUROC': 0.9840495527557956, 'AUPRC': 0.9890141861477615, 'ACC': 0.9392642623288907, 'BACC': 0.9322888553697617, 'F1': 0.9516638627877395, 'MCC': 0.870276996351633, 'val_Loss': 0.15229817886689775}
[2026-01-01 22:21:29,808][Training process][INFO] - [base_model0]-[model0]-[Epoch 0004] - time:   21 s, train_loss: 0.16631, val_loss: 0.15053
[2026-01-01 22:21:29,854][metric:][INFO] - {'AUROC': 0.9844470707389634, 'AUPRC': 0.989208004821015, 'ACC': 0.9415070506045217, 'BACC': 0.9361831382731172, 'F1': 0.9532328874415154, 'MCC': 0.875247202248951, 'val_Loss': 0.1505271989460054}
[2026-01-01 22:21:56,268][Training process][INFO] - [base_model0]-[model0]-[Epoch 0005] - time:   22 s, train_loss: 0.15366, val_loss: 0.13971
[2026-01-01 22:21:56,315][metric:][INFO] - {'AUROC': 0.9868179625833217, 'AUPRC': 0.9910059707238509, 'ACC': 0.9447810059034312, 'BACC': 0.9359302279317607, 'F1': 0.9563516322288789, 'MCC': 0.8821276781772548, 'val_Loss': 0.13970588333904743}
[2026-01-01 22:22:22,781][Training process][INFO] - [base_model0]-[model0]-[Epoch 0006] - time:   22 s, train_loss: 0.14708, val_loss: 0.13731
[2026-01-01 22:22:22,829][metric:][INFO] - {'AUROC': 0.987417737024183, 'AUPRC': 0.9915353062560495, 'ACC': 0.944884122605759, 'BACC': 0.9357582597567684, 'F1': 0.956470396612102, 'MCC': 0.8823763373690411, 'val_Loss': 0.13730565919295737}
[2026-01-01 22:22:49,632][Training process][INFO] - [base_model0]-[model0]-[Epoch 0007] - time:   22 s, train_loss: 0.14063, val_loss: 0.13268
[2026-01-01 22:22:49,679][metric:][INFO] - {'AUROC': 0.9882873577983152, 'AUPRC': 0.9921357943798423, 'ACC': 0.9479002861488489, 'BACC': 0.9390534821321102, 'F1': 0.9588416186383724, 'MCC': 0.8888622161190372, 'val_Loss': 0.13267697786030017}
[2026-01-01 22:23:15,507][Training process][INFO] - [base_model0]-[model0]-[Epoch 0008] - time:   22 s, train_loss: 0.13612, val_loss: 0.12865
[2026-01-01 22:23:15,553][metric:][INFO] - {'AUROC': 0.988695974652311, 'AUPRC': 0.9923996636245772, 'ACC': 0.9497563867907505, 'BACC': 0.9423420078635705, 'F1': 0.9601488539472877, 'MCC': 0.8927509817393471, 'val_Loss': 0.12865351120892324}
[2026-01-01 22:23:41,498][Training process][INFO] - [base_model0]-[model0]-[Epoch 0009] - time:   22 s, train_loss: 0.13024, val_loss: 0.12517
[2026-01-01 22:23:41,545][metric:][INFO] - {'AUROC': 0.9891056786329995, 'AUPRC': 0.9925610757915508, 'ACC': 0.9513289165012503, 'BACC': 0.9478704330344829, 'F1': 0.9609368534304394, 'MCC': 0.8963939946060329, 'val_Loss': 0.12516775467482052}
[2026-01-01 22:24:07,621][Training process][INFO] - [base_model0]-[model0]-[Epoch 0010] - time:   22 s, train_loss: 0.12559, val_loss: 0.12122
[2026-01-01 22:24:07,666][metric:][INFO] - {'AUROC': 0.9901361065089885, 'AUPRC': 0.9932893799527618, 'ACC': 0.9531850171431517, 'BACC': 0.9440507759358996, 'F1': 0.96308642979104, 'MCC': 0.9003423177984271, 'val_Loss': 0.12121910160701525}
[2026-01-01 22:24:33,989][Training process][INFO] - [base_model0]-[model0]-[Epoch 0011] - time:   22 s, train_loss: 0.12512, val_loss: 0.14377
[2026-01-01 22:24:34,040][metric:][INFO] - {'AUROC': 0.9890961842989684, 'AUPRC': 0.9925432914736778, 'ACC': 0.943466267948751, 'BACC': 0.929133653216051, 'F1': 0.9560336013151828, 'MCC': 0.8806523446671416, 'val_Loss': 0.1437735910723476}
[2026-01-01 22:24:59,232][Training process][INFO] - [base_model0]-[model0]-[Epoch 0012] - time:   21 s, train_loss: 0.12069, val_loss: 0.11681
[2026-01-01 22:24:59,277][metric:][INFO] - {'AUROC': 0.9906011606475588, 'AUPRC': 0.9936843078877533, 'ACC': 0.9542419633420123, 'BACC': 0.9478371788326634, 'F1': 0.9636263038177012, 'MCC': 0.9023504702027931, 'val_Loss': 0.11680989962463316}
[2026-01-01 22:25:24,791][Training process][INFO] - [base_model0]-[model0]-[Epoch 0013] - time:   21 s, train_loss: 0.11687, val_loss: 0.11785
[2026-01-01 22:25:24,841][metric:][INFO] - {'AUROC': 0.9905982979277234, 'AUPRC': 0.9936204558521016, 'ACC': 0.9538294965327009, 'BACC': 0.9466876533293949, 'F1': 0.9633779777118904, 'MCC': 0.9014936403079552, 'val_Loss': 0.11785297791816686}
[2026-01-01 22:25:50,071][Training process][INFO] - [base_model0]-[model0]-[Epoch 0014] - time:   21 s, train_loss: 0.11490, val_loss: 0.12105
[2026-01-01 22:25:50,118][metric:][INFO] - {'AUROC': 0.9909756171252092, 'AUPRC': 0.9938667760281468, 'ACC': 0.9526694336315125, 'BACC': 0.9424562819846386, 'F1': 0.9627978602690874, 'MCC': 0.8994526165930832, 'val_Loss': 0.12105268126010503}
[2026-01-01 22:26:16,134][Training process][INFO] - [base_model0]-[model0]-[Epoch 0015] - time:   22 s, train_loss: 0.11223, val_loss: 0.11317
[2026-01-01 22:26:16,181][metric:][INFO] - {'AUROC': 0.9912157759935215, 'AUPRC': 0.9939548199944148, 'ACC': 0.9567941017246269, 'BACC': 0.9503437989394325, 'F1': 0.9656768380094204, 'MCC': 0.9078275934785602, 'val_Loss': 0.11316704715749151}
[2026-01-01 22:26:42,257][Training process][INFO] - [base_model0]-[model0]-[Epoch 0016] - time:   22 s, train_loss: 0.11031, val_loss: 0.11408
[2026-01-01 22:26:42,304][metric:][INFO] - {'AUROC': 0.9910199730252341, 'AUPRC': 0.9939867708288499, 'ACC': 0.9547059885024877, 'BACC': 0.950583884295927, 'F1': 0.963745537832986, 'MCC': 0.9034559959217062, 'val_Loss': 0.11408475734979699}
[2026-01-01 22:27:08,191][Training process][INFO] - [base_model0]-[model0]-[Epoch 0017] - time:   22 s, train_loss: 0.10830, val_loss: 0.11641
[2026-01-01 22:27:08,237][metric:][INFO] - {'AUROC': 0.9909224709081788, 'AUPRC': 0.9938555363165397, 'ACC': 0.9552215720141269, 'BACC': 0.9484097001806931, 'F1': 0.9644559945978023, 'MCC': 0.904467413573237, 'val_Loss': 0.11641453490837624}
[2026-01-01 22:27:33,939][Training process][INFO] - [base_model0]-[model0]-[Epoch 0018] - time:   21 s, train_loss: 0.10771, val_loss: 0.10901
[2026-01-01 22:27:33,986][metric:][INFO] - {'AUROC': 0.9915916249546474, 'AUPRC': 0.9941856234238956, 'ACC': 0.958108839679307, 'BACC': 0.9527949939628138, 'F1': 0.9666139338031352, 'MCC': 0.9106289427096412, 'val_Loss': 0.1090128717845992}
[2026-01-01 22:28:00,205][Training process][INFO] - [base_model0]-[model0]-[Epoch 0019] - time:   22 s, train_loss: 0.10407, val_loss: 0.11337
[2026-01-01 22:28:00,252][metric:][INFO] - {'AUROC': 0.991434656017903, 'AUPRC': 0.9940949009066301, 'ACC': 0.9567425433734629, 'BACC': 0.9496317889167634, 'F1': 0.9657047089601046, 'MCC': 0.9077589841497534, 'val_Loss': 0.11336690339406855}
[2026-01-01 22:28:26,523][Training process][INFO] - [base_model0]-[model0]-[Epoch 0020] - time:   22 s, train_loss: 0.10320, val_loss: 0.10922
[2026-01-01 22:28:26,570][metric:][INFO] - {'AUROC': 0.9915828883578168, 'AUPRC': 0.9942485153755276, 'ACC': 0.9579026062746513, 'BACC': 0.9534205752928566, 'F1': 0.9663624940779039, 'MCC': 0.9102244017502067, 'val_Loss': 0.10922442276128813}
[2026-01-01 22:28:51,942][Training process][INFO] - [base_model0]-[model0]-[Epoch 0021] - time:   21 s, train_loss: 0.10083, val_loss: 0.10951
[2026-01-01 22:28:51,994][metric:][INFO] - {'AUROC': 0.9916869174760967, 'AUPRC': 0.9943404049287586, 'ACC': 0.9575674769920858, 'BACC': 0.9521588382404904, 'F1': 0.9661887350560783, 'MCC': 0.9094699110543122, 'val_Loss': 0.109509960233577}
[2026-01-01 22:29:18,203][Training process][INFO] - [base_model0]-[model0]-[Epoch 0022] - time:   22 s, train_loss: 0.10009, val_loss: 0.10908
[2026-01-01 22:29:18,250][metric:][INFO] - {'AUROC': 0.9919360264082497, 'AUPRC': 0.9945227307418691, 'ACC': 0.9574901394653399, 'BACC': 0.9501922416034434, 'F1': 0.9663215080775279, 'MCC': 0.9093868009640524, 'val_Loss': 0.10907989779585286}
[2026-01-01 22:29:44,012][Training process][INFO] - [base_model0]-[model0]-[Epoch 0023] - time:   22 s, train_loss: 0.09847, val_loss: 0.11005
[2026-01-01 22:29:44,057][metric:][INFO] - {'AUROC': 0.991672254695785, 'AUPRC': 0.9943251973033714, 'ACC': 0.9587533190688562, 'BACC': 0.954399173096095, 'F1': 0.9670347783088842, 'MCC': 0.9120458218282399, 'val_Loss': 0.1100477443419789}
[2026-01-01 22:30:09,556][Training process][INFO] - [base_model0]-[model0]-[Epoch 0024] - time:   21 s, train_loss: 0.08829, val_loss: 0.10801
[2026-01-01 22:30:09,602][metric:][INFO] - {'AUROC': 0.9924705944528638, 'AUPRC': 0.9948533927992382, 'ACC': 0.9598618236188806, 'BACC': 0.9525270447999227, 'F1': 0.9682186524055438, 'MCC': 0.9145051298798631, 'val_Loss': 0.10800854169371489}
[2026-01-01 22:30:35,105][Training process][INFO] - [base_model0]-[model0]-[Epoch 0025] - time:   21 s, train_loss: 0.08514, val_loss: 0.10347
[2026-01-01 22:30:35,150][metric:][INFO] - {'AUROC': 0.9926065460781066, 'AUPRC': 0.9949080015098539, 'ACC': 0.9616663659096182, 'BACC': 0.9569409587119517, 'F1': 0.9694152491824184, 'MCC': 0.9182426885414475, 'val_Loss': 0.10347444349654804}
[2026-01-01 22:31:00,724][Training process][INFO] - [base_model0]-[model0]-[Epoch 0026] - time:   21 s, train_loss: 0.08421, val_loss: 0.10298
[2026-01-01 22:31:00,771][metric:][INFO] - {'AUROC': 0.9927993025470138, 'AUPRC': 0.9950258478373658, 'ACC': 0.9615890283828723, 'BACC': 0.9557522386864945, 'F1': 0.9694571990816662, 'MCC': 0.9180908530320399, 'val_Loss': 0.10298379150366313}
[2026-01-01 22:31:26,970][Training process][INFO] - [base_model0]-[model0]-[Epoch 0027] - time:   22 s, train_loss: 0.08285, val_loss: 0.10406
[2026-01-01 22:31:27,022][metric:][INFO] - {'AUROC': 0.9926099898240418, 'AUPRC': 0.9949200656372028, 'ACC': 0.9618468201386919, 'BACC': 0.9566701906535785, 'F1': 0.9696023660860993, 'MCC': 0.9186252067474328, 'val_Loss': 0.10405802720618483}
[2026-01-01 22:31:52,999][Training process][INFO] - [base_model0]-[model0]-[Epoch 0028] - time:   22 s, train_loss: 0.08320, val_loss: 0.10266
[2026-01-01 22:31:53,045][metric:][INFO] - {'AUROC': 0.9927647010997606, 'AUPRC': 0.9950333078666207, 'ACC': 0.961795261787528, 'BACC': 0.9567494689082161, 'F1': 0.9695487794854936, 'MCC': 0.9185144678067623, 'val_Loss': 0.10265732782059594}
[2026-01-01 22:32:19,540][Training process][INFO] - [base_model0]-[model0]-[Epoch 0029] - time:   22 s, train_loss: 0.08226, val_loss: 0.10275
[2026-01-01 22:32:19,592][metric:][INFO] - {'AUROC': 0.9927421428674587, 'AUPRC': 0.9949651974685287, 'ACC': 0.9615374700317084, 'BACC': 0.9556571652868102, 'F1': 0.9694199631071941, 'MCC': 0.917982319019312, 'val_Loss': 0.10274587029983338}
[2026-01-01 22:32:46,138][Training process][INFO] - [base_model0]-[model0]-[Epoch 0030] - time:   22 s, train_loss: 0.08110, val_loss: 0.10223
[2026-01-01 22:32:46,184][metric:][INFO] - {'AUROC': 0.9927519538677829, 'AUPRC': 0.9950107959979695, 'ACC': 0.9621819494212575, 'BACC': 0.9567517011228432, 'F1': 0.9698947238810565, 'MCC': 0.919347148664547, 'val_Loss': 0.10223210073615376}
[2026-01-01 22:33:12,687][Training process][INFO] - [base_model0]-[model0]-[Epoch 0031] - time:   22 s, train_loss: 0.08155, val_loss: 0.10114
[2026-01-01 22:33:12,734][metric:][INFO] - {'AUROC': 0.9928125799122942, 'AUPRC': 0.9950162872791753, 'ACC': 0.9622077285968395, 'BACC': 0.9582074627229771, 'F1': 0.9697831643169263, 'MCC': 0.9194282819327209, 'val_Loss': 0.10114089818671346}
[2026-01-01 22:33:39,218][Training process][INFO] - [base_model0]-[model0]-[Epoch 0032] - time:   22 s, train_loss: 0.08024, val_loss: 0.10537
[2026-01-01 22:33:39,270][metric:][INFO] - {'AUROC': 0.9926620135721589, 'AUPRC': 0.9949355395658463, 'ACC': 0.9609445489933232, 'BACC': 0.9541212362217789, 'F1': 0.969034236075626, 'MCC': 0.9167799785023567, 'val_Loss': 0.1053710826795156}
[2026-01-01 22:34:05,678][Training process][INFO] - [base_model0]-[model0]-[Epoch 0033] - time:   22 s, train_loss: 0.08141, val_loss: 0.10253
[2026-01-01 22:34:05,729][metric:][INFO] - {'AUROC': 0.9926329523713424, 'AUPRC': 0.994906713105548, 'ACC': 0.9618468201386919, 'BACC': 0.9576224189194901, 'F1': 0.9695134511597248, 'MCC': 0.9186463263645631, 'val_Loss': 0.10252855083365973}
[2026-01-01 22:34:31,897][Training process][INFO] - [base_model0]-[model0]-[Epoch 0034] - time:   22 s, train_loss: 0.07954, val_loss: 0.10227
[2026-01-01 22:34:31,949][metric:][INFO] - {'AUROC': 0.9928684856498768, 'AUPRC': 0.9951126212623569, 'ACC': 0.9617437034363641, 'BACC': 0.9566007488456637, 'F1': 0.9695164537200608, 'MCC': 0.918404346702454, 'val_Loss': 0.10227015340014507}
[2026-01-01 22:34:58,435][Training process][INFO] - [base_model0]-[model0]-[Epoch 0035] - time:   22 s, train_loss: 0.07999, val_loss: 0.10297
[2026-01-01 22:34:58,486][metric:][INFO] - {'AUROC': 0.992855850099315, 'AUPRC': 0.9950591159285058, 'ACC': 0.9617694826119461, 'BACC': 0.9564336988940327, 'F1': 0.9695551312845148, 'MCC': 0.9184616111553772, 'val_Loss': 0.1029664614041777}
[2026-01-01 22:35:24,028][Training process][INFO] - [base_model0]-[model0]-[Epoch 0036] - time:   21 s, train_loss: 0.07900, val_loss: 0.10502
[2026-01-01 22:35:24,080][metric:][INFO] - {'AUROC': 0.9928006540335138, 'AUPRC': 0.9950329539274576, 'ACC': 0.9607898739398314, 'BACC': 0.9538360160227264, 'F1': 0.9689230329158409, 'MCC': 0.9164608081792633, 'val_Loss': 0.1050221617088506}
[2026-01-01 22:35:50,322][Training process][INFO] - [base_model0]-[model0]-[Epoch 0037] - time:   22 s, train_loss: 0.07638, val_loss: 0.10103
[2026-01-01 22:35:50,368][metric:][INFO] - {'AUROC': 0.9929703320326378, 'AUPRC': 0.9951295213876229, 'ACC': 0.962568637054987, 'BACC': 0.9583901565549522, 'F1': 0.9700902237053516, 'MCC': 0.9201875081975999, 'val_Loss': 0.10103444657043407}
[2026-01-01 22:36:16,222][Training process][INFO] - [base_model0]-[model0]-[Epoch 0038] - time:   21 s, train_loss: 0.07598, val_loss: 0.10201
[2026-01-01 22:36:16,269][metric:][INFO] - {'AUROC': 0.9928878984245818, 'AUPRC': 0.9950639033151478, 'ACC': 0.9625170787038231, 'BACC': 0.9575842648722634, 'F1': 0.9701179662131613, 'MCC': 0.9200583571004591, 'val_Loss': 0.10201485086183407}
[2026-01-01 22:36:41,947][Training process][INFO] - [base_model0]-[model0]-[Epoch 0039] - time:   21 s, train_loss: 0.07457, val_loss: 0.10203
[2026-01-01 22:36:41,999][metric:][INFO] - {'AUROC': 0.9929579410502399, 'AUPRC': 0.9951276209759508, 'ACC': 0.9626459745817328, 'BACC': 0.9579828883600787, 'F1': 0.9701968366276559, 'MCC': 0.9203364913908664, 'val_Loss': 0.10202787609427776}
[2026-01-01 22:37:08,350][Training process][INFO] - [base_model0]-[model0]-[Epoch 0040] - time:   22 s, train_loss: 0.07589, val_loss: 0.10189
[2026-01-01 22:37:08,402][metric:][INFO] - {'AUROC': 0.9929243051524422, 'AUPRC': 0.9950872769510752, 'ACC': 0.9626975329328968, 'BACC': 0.958077961759763, 'F1': 0.9702342994672207, 'MCC': 0.920447443786015, 'val_Loss': 0.10188842013380245}
[2026-01-01 22:37:34,890][Training process][INFO] - [base_model0]-[model0]-[Epoch 0041] - time:   22 s, train_loss: 0.07401, val_loss: 0.10334
[2026-01-01 22:37:34,942][metric:][INFO] - {'AUROC': 0.9928731239628542, 'AUPRC': 0.9950608535004195, 'ACC': 0.9623624036503312, 'BACC': 0.9568162247073967, 'F1': 0.9700500533355214, 'MCC': 0.9197374800256006, 'val_Loss': 0.10333866331922381}
[2026-01-01 22:38:01,187][Training process][INFO] - [base_model0]-[model0]-[Epoch 0042] - time:   22 s, train_loss: 0.07500, val_loss: 0.10247
[2026-01-01 22:38:01,239][metric:][INFO] - {'AUROC': 0.9929432104128653, 'AUPRC': 0.9951123065490959, 'ACC': 0.9623881828259132, 'BACC': 0.9570649363929947, 'F1': 0.970050292517705, 'MCC': 0.919786355178419, 'val_Loss': 0.10247176614786058}
[2026-01-01 22:38:27,521][Training process][INFO] - [base_model0]-[model0]-[Epoch 0043] - time:   22 s, train_loss: 0.07432, val_loss: 0.10218
[2026-01-01 22:38:27,573][metric:][INFO] - {'AUROC': 0.9929058593408815, 'AUPRC': 0.9950917953483105, 'ACC': 0.962542857879405, 'BACC': 0.9573233332606133, 'F1': 0.9701648836779532, 'MCC': 0.9201156023413998, 'val_Loss': 0.10218488471582532}
[2026-01-01 22:38:53,992][Training process][INFO] - [base_model0]-[model0]-[Epoch 0044] - time:   22 s, train_loss: 0.07449, val_loss: 0.10243
[2026-01-01 22:38:54,043][metric:][INFO] - {'AUROC': 0.9928571662435949, 'AUPRC': 0.9950609548827547, 'ACC': 0.9623881828259132, 'BACC': 0.9579232829988868, 'F1': 0.9699713915244819, 'MCC': 0.9197909794498741, 'val_Loss': 0.10242677479982376}
[2026-01-01 22:39:20,422][Training process][INFO] - [base_model0]-[model0]-[Epoch 0045] - time:   22 s, train_loss: 0.07416, val_loss: 0.10225
[2026-01-01 22:39:20,474][metric:][INFO] - {'AUROC': 0.9929318316316534, 'AUPRC': 0.9951248843394953, 'ACC': 0.9630584413910444, 'BACC': 0.9578314822887921, 'F1': 0.9705791775309504, 'MCC': 0.9212197377592953, 'val_Loss': 0.10225258364440187}
[2026-01-01 22:39:47,116][Training process][INFO] - [base_model0]-[model0]-[Epoch 0046] - time:   22 s, train_loss: 0.07324, val_loss: 0.10228
[2026-01-01 22:39:47,167][metric:][INFO] - {'AUROC': 0.9929509305674432, 'AUPRC': 0.9951308368479268, 'ACC': 0.9627748704596427, 'BACC': 0.9578048102220602, 'F1': 0.9703283606624749, 'MCC': 0.9206097263624649, 'val_Loss': 0.10227902356143061}
[2026-01-01 22:40:13,586][Training process][INFO] - [base_model0]-[model0]-[Epoch 0047] - time:   22 s, train_loss: 0.07351, val_loss: 0.10258
[2026-01-01 22:40:13,586][EarlyStop][INFO] - Stopped at epoch 47
[2026-01-01 22:40:13,705][Fold 1][INFO] - Train 155161, Val 38791
[2026-01-01 22:40:13,705][Begin training model #][INFO] - 1
[2026-01-01 22:40:13,711][Trainable params][INFO] - 261889
[2026-01-01 22:40:13,712][Start training][INFO] - 2026-01-01 22:40:13.712408
[2026-01-01 22:41:20,866][Training process][INFO] - [base_model1]-[model1]-[Epoch 0000] - time:   53 s, train_loss: 0.42855, val_loss: 0.25123
[2026-01-01 22:41:20,912][metric:][INFO] - {'AUROC': 0.9623600152619582, 'AUPRC': 0.974835828171499, 'ACC': 0.897244206130288, 'BACC': 0.8761554064487077, 'F1': 0.920987947986045, 'MCC': 0.7807484607781471, 'val_Loss': 0.25123311628244427}
[2026-01-01 22:41:47,069][Training process][INFO] - [base_model1]-[model1]-[Epoch 0001] - time:   22 s, train_loss: 0.24626, val_loss: 0.19497
[2026-01-01 22:41:47,115][metric:][INFO] - {'AUROC': 0.975804724541209, 'AUPRC': 0.9843381278643474, 'ACC': 0.9209610476656956, 'BACC': 0.9076979661666268, 'F1': 0.9380681129560053, 'MCC': 0.8310001588006531, 'val_Loss': 0.1949720125841467}
[2026-01-01 22:42:13,287][Training process][INFO] - [base_model1]-[model1]-[Epoch 0002] - time:   22 s, train_loss: 0.20190, val_loss: 0.16418
[2026-01-01 22:42:13,333][metric:][INFO] - {'AUROC': 0.982411985120258, 'AUPRC': 0.9885213458105127, 'ACC': 0.9348044649532108, 'BACC': 0.9285579143122952, 'F1': 0.9479533246897573, 'MCC': 0.8608569338026254, 'val_Loss': 0.16418493740064533}
[2026-01-01 22:42:39,682][Training process][INFO] - [base_model1]-[model1]-[Epoch 0003] - time:   22 s, train_loss: 0.17826, val_loss: 0.15156
[2026-01-01 22:42:39,729][metric:][INFO] - {'AUROC': 0.9852114225897315, 'AUPRC': 0.9902933250286163, 'ACC': 0.9394447165579645, 'BACC': 0.9293223425022588, 'F1': 0.9522687094873306, 'MCC': 0.8707233645820379, 'val_Loss': 0.15156324041125022}
[2026-01-01 22:43:06,145][Training process][INFO] - [base_model1]-[model1]-[Epoch 0004] - time:   22 s, train_loss: 0.16488, val_loss: 0.15431
[2026-01-01 22:43:06,191][metric:][INFO] - {'AUROC': 0.987302435151352, 'AUPRC': 0.9917471153027979, 'ACC': 0.9364543321904566, 'BACC': 0.9210452821828603, 'F1': 0.9506733636163528, 'MCC': 0.865603166474956, 'val_Loss': 0.1543098508355845}
[2026-01-01 22:43:31,940][Training process][INFO] - [base_model1]-[model1]-[Epoch 0005] - time:   21 s, train_loss: 0.15116, val_loss: 0.13301
[2026-01-01 22:43:31,985][metric:][INFO] - {'AUROC': 0.9886336338032762, 'AUPRC': 0.9926115657859561, 'ACC': 0.947874506973267, 'BACC': 0.939233943749458, 'F1': 0.9587952396478644, 'MCC': 0.8887844256754236, 'val_Loss': 0.13300762908827318}
[2026-01-01 22:43:58,014][Training process][INFO] - [base_model1]-[model1]-[Epoch 0006] - time:   22 s, train_loss: 0.14395, val_loss: 0.13070
[2026-01-01 22:43:58,060][metric:][INFO] - {'AUROC': 0.9891409883383453, 'AUPRC': 0.9928699688934021, 'ACC': 0.9482096362558325, 'BACC': 0.9388594575843426, 'F1': 0.9591508916044814, 'MCC': 0.8895973661990996, 'val_Loss': 0.13070010085050998}
[2026-01-01 22:44:24,305][Training process][INFO] - [base_model1]-[model1]-[Epoch 0007] - time:   22 s, train_loss: 0.13637, val_loss: 0.12661
[2026-01-01 22:44:24,351][metric:][INFO] - {'AUROC': 0.9891393993521257, 'AUPRC': 0.9927470479415315, 'ACC': 0.9497821659663324, 'BACC': 0.9431405978435681, 'F1': 0.9600754222003607, 'MCC': 0.8927929471375993, 'val_Loss': 0.1266143748438672}
[2026-01-01 22:44:50,961][Training process][INFO] - [base_model1]-[model1]-[Epoch 0008] - time:   22 s, train_loss: 0.13303, val_loss: 0.12395
[2026-01-01 22:44:51,007][metric:][INFO] - {'AUROC': 0.9901808836882784, 'AUPRC': 0.9934555696004195, 'ACC': 0.9516898249593978, 'BACC': 0.9427555189082178, 'F1': 0.9618733723958334, 'MCC': 0.8970694969270588, 'val_Loss': 0.1239495592829036}
[2026-01-01 22:45:17,810][Training process][INFO] - [base_model1]-[model1]-[Epoch 0009] - time:   22 s, train_loss: 0.12662, val_loss: 0.11942
[2026-01-01 22:45:17,856][metric:][INFO] - {'AUROC': 0.99029899456077, 'AUPRC': 0.9934980579616366, 'ACC': 0.9536748214792091, 'BACC': 0.9462951398046058, 'F1': 0.9632808189787286, 'MCC': 0.9011768498178553, 'val_Loss': 0.11941653406737666}
[2026-01-01 22:45:44,546][Training process][INFO] - [base_model1]-[model1]-[Epoch 0010] - time:   22 s, train_loss: 0.12311, val_loss: 0.11822
[2026-01-01 22:45:44,592][metric:][INFO] - {'AUROC': 0.9904416244519397, 'AUPRC': 0.9936107425379654, 'ACC': 0.9541130674641025, 'BACC': 0.9491954835537835, 'F1': 0.9633563899868248, 'MCC': 0.9021173877391008, 'val_Loss': 0.11822428966039106}
[2026-01-01 22:46:09,926][Training process][INFO] - [base_model1]-[model1]-[Epoch 0011] - time:   21 s, train_loss: 0.11968, val_loss: 0.11603
[2026-01-01 22:46:09,972][metric:][INFO] - {'AUROC': 0.9909580944524398, 'AUPRC': 0.9939934645758141, 'ACC': 0.9547317676780697, 'BACC': 0.9497864860555941, 'F1': 0.9638579014530935, 'MCC': 0.9034342817640776, 'val_Loss': 0.11602874173733749}
[2026-01-01 22:46:34,209][Training process][INFO] - [base_model1]-[model1]-[Epoch 0012] - time:   20 s, train_loss: 0.11725, val_loss: 0.11512
[2026-01-01 22:46:34,254][metric:][INFO] - {'AUROC': 0.9909866552074182, 'AUPRC': 0.99404464685916, 'ACC': 0.9560980639839138, 'BACC': 0.9513402912155967, 'F1': 0.9649379259228757, 'MCC': 0.906359696255179, 'val_Loss': 0.11512140145427302}
[2026-01-01 22:46:58,740][Training process][INFO] - [base_model1]-[model1]-[Epoch 0013] - time:   20 s, train_loss: 0.11549, val_loss: 0.11485
[2026-01-01 22:46:58,786][metric:][INFO] - {'AUROC': 0.9910866567262855, 'AUPRC': 0.9940916263557109, 'ACC': 0.9561238431594957, 'BACC': 0.9505831279724151, 'F1': 0.9650427209990141, 'MCC': 0.9063806387234818, 'val_Loss': 0.11484889242503989}
[2026-01-01 22:47:23,855][Training process][INFO] - [base_model1]-[model1]-[Epoch 0014] - time:   21 s, train_loss: 0.11136, val_loss: 0.10915
[2026-01-01 22:47:23,900][metric:][INFO] - {'AUROC': 0.9917809532281963, 'AUPRC': 0.9944476029193514, 'ACC': 0.9585470856642004, 'BACC': 0.9538579395087535, 'F1': 0.9669026840111971, 'MCC': 0.9115858832347079, 'val_Loss': 0.10915179535942643}
[2026-01-01 22:47:48,782][Training process][INFO] - [base_model1]-[model1]-[Epoch 0015] - time:   21 s, train_loss: 0.11011, val_loss: 0.11173
[2026-01-01 22:47:48,833][metric:][INFO] - {'AUROC': 0.991690156237155, 'AUPRC': 0.9944918602764113, 'ACC': 0.9563816349153154, 'BACC': 0.9538212981085511, 'F1': 0.9649297351075737, 'MCC': 0.9072546230667343, 'val_Loss': 0.11173390026057237}
[2026-01-01 22:48:13,616][Training process][INFO] - [base_model1]-[model1]-[Epoch 0016] - time:   21 s, train_loss: 0.10697, val_loss: 0.10840
[2026-01-01 22:48:13,662][metric:][INFO] - {'AUROC': 0.9920066034082772, 'AUPRC': 0.9945948418644592, 'ACC': 0.9586759815421103, 'BACC': 0.9537200963678862, 'F1': 0.9670334190231362, 'MCC': 0.9118496799951294, 'val_Loss': 0.10839964956731389}
[2026-01-01 22:48:38,897][Training process][INFO] - [base_model1]-[model1]-[Epoch 0017] - time:   21 s, train_loss: 0.10573, val_loss: 0.10813
[2026-01-01 22:48:38,943][metric:][INFO] - {'AUROC': 0.9919865558872973, 'AUPRC': 0.9946270217434254, 'ACC': 0.9585213064886184, 'BACC': 0.9531532311887754, 'F1': 0.9669508062031427, 'MCC': 0.9115102933665316, 'val_Loss': 0.10812870310129304}
[2026-01-01 22:49:03,413][Training process][INFO] - [base_model1]-[model1]-[Epoch 0018] - time:   20 s, train_loss: 0.10371, val_loss: 0.10970
[2026-01-01 22:49:03,470][metric:][INFO] - {'AUROC': 0.9920462234507967, 'AUPRC': 0.9947301864730885, 'ACC': 0.9582635147327988, 'BACC': 0.9520206925702183, 'F1': 0.9668326060680557, 'MCC': 0.910972814512064, 'val_Loss': 0.10970493078869033}
[2026-01-01 22:49:29,620][Training process][INFO] - [base_model1]-[model1]-[Epoch 0019] - time:   22 s, train_loss: 0.10223, val_loss: 0.10878
[2026-01-01 22:49:29,666][metric:][INFO] - {'AUROC': 0.9921340304900104, 'AUPRC': 0.9947297370357221, 'ACC': 0.9587275398932742, 'BACC': 0.9525008265272983, 'F1': 0.9672027040868586, 'MCC': 0.911968090618303, 'val_Loss': 0.10877644503489137}
[2026-01-01 22:49:55,951][Training process][INFO] - [base_model1]-[model1]-[Epoch 0020] - time:   22 s, train_loss: 0.10015, val_loss: 0.11072
[2026-01-01 22:49:56,002][metric:][INFO] - {'AUROC': 0.99170775524912, 'AUPRC': 0.9943632247632734, 'ACC': 0.9578510479234874, 'BACC': 0.9515283386870859, 'F1': 0.9665103131849, 'MCC': 0.9100909796140133, 'val_Loss': 0.1107222077828881}
[2026-01-01 22:50:22,490][Training process][INFO] - [base_model1]-[model1]-[Epoch 0021] - time:   22 s, train_loss: 0.09980, val_loss: 0.11176
[2026-01-01 22:50:22,542][metric:][INFO] - {'AUROC': 0.9915540985852515, 'AUPRC': 0.9942615859643121, 'ACC': 0.9577221520455775, 'BACC': 0.9513040668535926, 'F1': 0.9664168407257239, 'MCC': 0.9098187324255317, 'val_Loss': 0.1117600313828964}
[2026-01-01 22:50:48,941][Training process][INFO] - [base_model1]-[model1]-[Epoch 0022] - time:   22 s, train_loss: 0.09592, val_loss: 0.10718
[2026-01-01 22:50:48,987][metric:][INFO] - {'AUROC': 0.9922261733127966, 'AUPRC': 0.9947225902271044, 'ACC': 0.9592173442293316, 'BACC': 0.9548390720560238, 'F1': 0.9674110085695452, 'MCC': 0.9130328827675197, 'val_Loss': 0.10718253691141542}
[2026-01-01 22:51:15,287][Training process][INFO] - [base_model1]-[model1]-[Epoch 0023] - time:   22 s, train_loss: 0.09576, val_loss: 0.10914
[2026-01-01 22:51:15,334][metric:][INFO] - {'AUROC': 0.9920774391133561, 'AUPRC': 0.9946835941371621, 'ACC': 0.9582119563816349, 'BACC': 0.9547957156339857, 'F1': 0.9665020355024695, 'MCC': 0.9109895700902729, 'val_Loss': 0.1091361096815059}
[2026-01-01 22:51:41,396][Training process][INFO] - [base_model1]-[model1]-[Epoch 0024] - time:   22 s, train_loss: 0.09340, val_loss: 0.10839
[2026-01-01 22:51:41,442][metric:][INFO] - {'AUROC': 0.9921471353852562, 'AUPRC': 0.994701500085248, 'ACC': 0.9594493568095692, 'BACC': 0.9539525591143305, 'F1': 0.9677088251596083, 'MCC': 0.9134959959413788, 'val_Loss': 0.10838875752922736}
[2026-01-01 22:52:07,573][Training process][INFO] - [base_model1]-[model1]-[Epoch 0025] - time:   22 s, train_loss: 0.09290, val_loss: 0.10995
[2026-01-01 22:52:07,633][metric:][INFO] - {'AUROC': 0.9918442256981551, 'AUPRC': 0.9945027126639979, 'ACC': 0.9584697481374546, 'BACC': 0.9523071045089355, 'F1': 0.9669897342376493, 'MCC': 0.9114120558076044, 'val_Loss': 0.1099538660706266}
[2026-01-01 22:52:34,070][Training process][INFO] - [base_model1]-[model1]-[Epoch 0026] - time:   22 s, train_loss: 0.09129, val_loss: 0.10511
[2026-01-01 22:52:34,117][metric:][INFO] - {'AUROC': 0.9924857491968806, 'AUPRC': 0.9949078616297637, 'ACC': 0.9612023407491428, 'BACC': 0.9552805981717701, 'F1': 0.9691554116369151, 'MCC': 0.917265177237357, 'val_Loss': 0.10510923338465784}
[2026-01-01 22:52:59,115][Training process][INFO] - [base_model1]-[model1]-[Epoch 0027] - time:   21 s, train_loss: 0.08951, val_loss: 0.10862
[2026-01-01 22:52:59,167][metric:][INFO] - {'AUROC': 0.992602936930581, 'AUPRC': 0.9951118056975159, 'ACC': 0.9569745559537006, 'BACC': 0.9486648059807676, 'F1': 0.9660143761835916, 'MCC': 0.9084082870148424, 'val_Loss': 0.1086238533454506}
[2026-01-01 22:53:23,707][Training process][INFO] - [base_model1]-[model1]-[Epoch 0028] - time:   20 s, train_loss: 0.08885, val_loss: 0.11062
[2026-01-01 22:53:23,753][metric:][INFO] - {'AUROC': 0.9920234757841949, 'AUPRC': 0.9947336643457995, 'ACC': 0.957412801938594, 'BACC': 0.955307004465006, 'F1': 0.9657176060429983, 'MCC': 0.9095272283423208, 'val_Loss': 0.11062441700089135}
[2026-01-01 22:53:47,672][Training process][INFO] - [base_model1]-[model1]-[Epoch 0029] - time:   20 s, train_loss: 0.08839, val_loss: 0.11095
[2026-01-01 22:53:47,718][metric:][INFO] - {'AUROC': 0.9924091498825334, 'AUPRC': 0.9949179474285448, 'ACC': 0.9593204609316595, 'BACC': 0.952668765689189, 'F1': 0.9677194992226495, 'MCC': 0.9132686630238352, 'val_Loss': 0.11095147512510027}
[2026-01-01 22:54:13,005][Training process][INFO] - [base_model1]-[model1]-[Epoch 0030] - time:   21 s, train_loss: 0.08636, val_loss: 0.10783
[2026-01-01 22:54:13,056][metric:][INFO] - {'AUROC': 0.9925459695127038, 'AUPRC': 0.9949941182091873, 'ACC': 0.959629811038643, 'BACC': 0.9558544809021217, 'F1': 0.9676833546576417, 'MCC': 0.9139599871010629, 'val_Loss': 0.10782539071270118}
[2026-01-01 22:54:37,762][Training process][INFO] - [base_model1]-[model1]-[Epoch 0031] - time:   20 s, train_loss: 0.08403, val_loss: 0.10910
[2026-01-01 22:54:37,813][metric:][INFO] - {'AUROC': 0.9922507927033798, 'AUPRC': 0.9947283824576884, 'ACC': 0.9601711737258642, 'BACC': 0.9556054666871188, 'F1': 0.9681974434449682, 'MCC': 0.9150563239383772, 'val_Loss': 0.10909990373214609}
[2026-01-01 22:55:04,319][Training process][INFO] - [base_model1]-[model1]-[Epoch 0032] - time:   22 s, train_loss: 0.07371, val_loss: 0.10641
[2026-01-01 22:55:04,365][metric:][INFO] - {'AUROC': 0.9928263775150556, 'AUPRC': 0.9951406191198071, 'ACC': 0.9616405867340363, 'BACC': 0.9566654236949195, 'F1': 0.9694179546201908, 'MCC': 0.9181839747019686, 'val_Loss': 0.10641400432704311}
[2026-01-01 22:55:30,248][Training process][INFO] - [base_model1]-[model1]-[Epoch 0033] - time:   22 s, train_loss: 0.07034, val_loss: 0.10589
[2026-01-01 22:55:30,294][metric:][INFO] - {'AUROC': 0.9929636664899103, 'AUPRC': 0.9952666357875253, 'ACC': 0.9620530535433477, 'BACC': 0.9571711892437689, 'F1': 0.969740574764626, 'MCC': 0.9190665191315935, 'val_Loss': 0.10588961125253454}
[2026-01-01 22:55:55,290][Training process][INFO] - [base_model1]-[model1]-[Epoch 0034] - time:   21 s, train_loss: 0.06897, val_loss: 0.10607
[2026-01-01 22:55:55,336][metric:][INFO] - {'AUROC': 0.9929988136210433, 'AUPRC': 0.995324547764044, 'ACC': 0.9620272743677657, 'BACC': 0.9575394141811557, 'F1': 0.9696832486055941, 'MCC': 0.919019935283854, 'val_Loss': 0.10607483561493848}
[2026-01-01 22:56:21,554][Training process][INFO] - [base_model1]-[model1]-[Epoch 0035] - time:   22 s, train_loss: 0.06880, val_loss: 0.10578
[2026-01-01 22:56:21,606][metric:][INFO] - {'AUROC': 0.9929675060687114, 'AUPRC': 0.9952706318358775, 'ACC': 0.9615632492072903, 'BACC': 0.9569653985640563, 'F1': 0.9693203563859338, 'MCC': 0.9180258919597726, 'val_Loss': 0.1057777104188541}
[2026-01-01 22:56:47,558][Training process][INFO] - [base_model1]-[model1]-[Epoch 0036] - time:   22 s, train_loss: 0.06812, val_loss: 0.10418
[2026-01-01 22:56:47,604][metric:][INFO] - {'AUROC': 0.9930018219508259, 'AUPRC': 0.9952713564059275, 'ACC': 0.96182104096311, 'BACC': 0.9574273538967603, 'F1': 0.9695085544872455, 'MCC': 0.9185834404902139, 'val_Loss': 0.10417608573640648}
[2026-01-01 22:57:13,628][Training process][INFO] - [base_model1]-[model1]-[Epoch 0037] - time:   22 s, train_loss: 0.06694, val_loss: 0.10797
[2026-01-01 22:57:13,673][metric:][INFO] - {'AUROC': 0.9927837350058651, 'AUPRC': 0.9950587624022514, 'ACC': 0.9613570158026347, 'BACC': 0.956048638336637, 'F1': 0.9692216085251422, 'MCC': 0.9175781034582428, 'val_Loss': 0.10796946983196233}
[2026-01-01 22:57:39,586][Training process][INFO] - [base_model1]-[model1]-[Epoch 0038] - time:   22 s, train_loss: 0.06647, val_loss: 0.10858
[2026-01-01 22:57:39,631][metric:][INFO] - {'AUROC': 0.992989963929108, 'AUPRC': 0.9952495677957246, 'ACC': 0.9613570158026347, 'BACC': 0.9562095783252418, 'F1': 0.9692064339859077, 'MCC': 0.9175770402210186, 'val_Loss': 0.10858255220381052}
[2026-01-01 22:58:05,437][Training process][INFO] - [base_model1]-[model1]-[Epoch 0039] - time:   22 s, train_loss: 0.06627, val_loss: 0.10959
[2026-01-01 22:58:05,487][metric:][INFO] - {'AUROC': 0.9929242146763586, 'AUPRC': 0.9951927017567922, 'ACC': 0.9606609780619216, 'BACC': 0.9543493858036713, 'F1': 0.9687589567211236, 'MCC': 0.9161255965824031, 'val_Loss': 0.10959114158820164}
[2026-01-01 22:58:31,179][Training process][INFO] - [base_model1]-[model1]-[Epoch 0040] - time:   21 s, train_loss: 0.06622, val_loss: 0.10791
[2026-01-01 22:58:31,230][metric:][INFO] - {'AUROC': 0.9929147443750368, 'AUPRC': 0.9951953147033917, 'ACC': 0.9620272743677657, 'BACC': 0.9579417641526677, 'F1': 0.9696457642137367, 'MCC': 0.9190386318510598, 'val_Loss': 0.10790588654038545}
[2026-01-01 22:58:56,890][Training process][INFO] - [base_model1]-[model1]-[Epoch 0041] - time:   21 s, train_loss: 0.06618, val_loss: 0.10731
[2026-01-01 22:58:56,936][metric:][INFO] - {'AUROC': 0.9929938685375944, 'AUPRC': 0.9952662792707836, 'ACC': 0.9616405867340363, 'BACC': 0.9573762419779239, 'F1': 0.9693511843460351, 'MCC': 0.9182045942656984, 'val_Loss': 0.10730934954297386}
[2026-01-01 22:59:23,555][Training process][INFO] - [base_model1]-[model1]-[Epoch 0042] - time:   22 s, train_loss: 0.06238, val_loss: 0.10793
[2026-01-01 22:59:23,601][metric:][INFO] - {'AUROC': 0.9929280683920478, 'AUPRC': 0.9951894421342515, 'ACC': 0.9621561702456756, 'BACC': 0.9575222760317421, 'F1': 0.9698004525817733, 'MCC': 0.919290907335351, 'val_Loss': 0.10792835154815723}
[2026-01-01 22:59:49,982][Training process][INFO] - [base_model1]-[model1]-[Epoch 0043] - time:   22 s, train_loss: 0.06276, val_loss: 0.10916
[2026-01-01 22:59:50,028][metric:][INFO] - {'AUROC': 0.9928405073346869, 'AUPRC': 0.9951083657316879, 'ACC': 0.9613570158026347, 'BACC': 0.9558742866823151, 'F1': 0.9692380307414475, 'MCC': 0.9175810940179774, 'val_Loss': 0.10915670618659963}
[2026-01-01 23:00:16,064][Training process][INFO] - [base_model1]-[model1]-[Epoch 0044] - time:   22 s, train_loss: 0.06163, val_loss: 0.10829
[2026-01-01 23:00:16,116][metric:][INFO] - {'AUROC': 0.9929592487123867, 'AUPRC': 0.9952029864104611, 'ACC': 0.9618983784898559, 'BACC': 0.9573956123419647, 'F1': 0.9695809664937844, 'MCC': 0.9187443322013137, 'val_Loss': 0.10828915902560479}
[2026-01-01 23:00:42,408][Training process][INFO] - [base_model1]-[model1]-[Epoch 0045] - time:   22 s, train_loss: 0.06177, val_loss: 0.10872
[2026-01-01 23:00:42,459][metric:][INFO] - {'AUROC': 0.9928845211220204, 'AUPRC': 0.9951484879059762, 'ACC': 0.9619757160166018, 'BACC': 0.9575516341072081, 'F1': 0.9696358358894127, 'MCC': 0.9189122181878874, 'val_Loss': 0.10872387746348977}
[2026-01-01 23:01:08,766][Training process][INFO] - [base_model1]-[model1]-[Epoch 0046] - time:   22 s, train_loss: 0.06154, val_loss: 0.10923
[2026-01-01 23:01:08,766][EarlyStop][INFO] - Stopped at epoch 46
[2026-01-01 23:01:08,884][Fold 2][INFO] - Train 155162, Val 38790
[2026-01-01 23:01:08,885][Begin training model #][INFO] - 2
[2026-01-01 23:01:08,889][Trainable params][INFO] - 261889
[2026-01-01 23:01:08,890][Start training][INFO] - 2026-01-01 23:01:08.890236
[2026-01-01 23:02:16,623][Training process][INFO] - [base_model2]-[model2]-[Epoch 0000] - time:   54 s, train_loss: 0.47181, val_loss: 0.26254
[2026-01-01 23:02:16,674][metric:][INFO] - {'AUROC': 0.9570508200026835, 'AUPRC': 0.9720992277685279, 'ACC': 0.8930394431554525, 'BACC': 0.8885199881629977, 'F1': 0.9134489016834595, 'MCC': 0.7736359044821655, 'val_Loss': 0.2625368107110262}
[2026-01-01 23:02:43,130][Training process][INFO] - [base_model2]-[model2]-[Epoch 0001] - time:   22 s, train_loss: 0.25291, val_loss: 0.18160
[2026-01-01 23:02:43,177][metric:][INFO] - {'AUROC': 0.9792638540970858, 'AUPRC': 0.986268902598595, 'ACC': 0.9280742459396751, 'BACC': 0.9196339487049683, 'F1': 0.9428910631678061, 'MCC': 0.8462318630680444, 'val_Loss': 0.1815976391693479}
[2026-01-01 23:03:09,670][Training process][INFO] - [base_model2]-[model2]-[Epoch 0002] - time:   22 s, train_loss: 0.19990, val_loss: 0.15873
[2026-01-01 23:03:09,716][metric:][INFO] - {'AUROC': 0.9833503609163422, 'AUPRC': 0.988846785068233, 'ACC': 0.9366331528744521, 'BACC': 0.9316885890524231, 'F1': 0.9492295616970298, 'MCC': 0.8649792649716086, 'val_Loss': 0.15872859778372864}
[2026-01-01 23:03:36,111][Training process][INFO] - [base_model2]-[model2]-[Epoch 0003] - time:   22 s, train_loss: 0.17432, val_loss: 0.14576
[2026-01-01 23:03:36,157][metric:][INFO] - {'AUROC': 0.9866328833809875, 'AUPRC': 0.9912205507035236, 'ACC': 0.9413766434648105, 'BACC': 0.9380619218676701, 'F1': 0.9528372324539572, 'MCC': 0.8754008571312337, 'val_Loss': 0.14575602388695666}
[2026-01-01 23:04:02,712][Training process][INFO] - [base_model2]-[model2]-[Epoch 0004] - time:   22 s, train_loss: 0.15972, val_loss: 0.13621
[2026-01-01 23:04:02,758][metric:][INFO] - {'AUROC': 0.9875769554794682, 'AUPRC': 0.991772121762565, 'ACC': 0.9449600412477442, 'BACC': 0.9356693800759859, 'F1': 0.9565535906880201, 'MCC': 0.8825560412883485, 'val_Loss': 0.13621259568945357}
[2026-01-01 23:04:29,204][Training process][INFO] - [base_model2]-[model2]-[Epoch 0005] - time:   22 s, train_loss: 0.14955, val_loss: 0.12991
[2026-01-01 23:04:29,250][metric:][INFO] - {'AUROC': 0.9885084095441603, 'AUPRC': 0.992423864837535, 'ACC': 0.9476411446249033, 'BACC': 0.9404527133931548, 'F1': 0.9584262993060815, 'MCC': 0.888201304611429, 'val_Loss': 0.12990882860398606}
[2026-01-01 23:04:55,597][Training process][INFO] - [base_model2]-[model2]-[Epoch 0006] - time:   22 s, train_loss: 0.14294, val_loss: 0.13007
[2026-01-01 23:04:55,648][metric:][INFO] - {'AUROC': 0.989342424112296, 'AUPRC': 0.9930262090734991, 'ACC': 0.9481825212683681, 'BACC': 0.9378829592694478, 'F1': 0.9592473946717489, 'MCC': 0.8897057278180227, 'val_Loss': 0.13006870835823447}
[2026-01-01 23:05:22,120][Training process][INFO] - [base_model2]-[model2]-[Epoch 0007] - time:   22 s, train_loss: 0.13639, val_loss: 0.12498
[2026-01-01 23:05:22,167][metric:][INFO] - {'AUROC': 0.9897520344716823, 'AUPRC': 0.9933177120866725, 'ACC': 0.9493683939159577, 'BACC': 0.9470317251074094, 'F1': 0.9592074107921738, 'MCC': 0.8925064798834245, 'val_Loss': 0.12498227879405022}
[2026-01-01 23:05:48,484][Training process][INFO] - [base_model2]-[model2]-[Epoch 0008] - time:   22 s, train_loss: 0.13248, val_loss: 0.11772
[2026-01-01 23:05:48,530][metric:][INFO] - {'AUROC': 0.9905649256736736, 'AUPRC': 0.9938800119362866, 'ACC': 0.9530291312193865, 'BACC': 0.9475316763473682, 'F1': 0.9625503576420291, 'MCC': 0.8997675679345531, 'val_Loss': 0.11772095931595877}
[2026-01-01 23:06:14,984][Training process][INFO] - [base_model2]-[model2]-[Epoch 0009] - time:   22 s, train_loss: 0.12662, val_loss: 0.11958
[2026-01-01 23:06:15,030][metric:][INFO] - {'AUROC': 0.9907866467944628, 'AUPRC': 0.9939493192898307, 'ACC': 0.9521526166537767, 'BACC': 0.9515893900152358, 'F1': 0.9612590799031477, 'MCC': 0.8989015277649863, 'val_Loss': 0.11958335717453768}
[2026-01-01 23:06:41,426][Training process][INFO] - [base_model2]-[model2]-[Epoch 0010] - time:   22 s, train_loss: 0.12451, val_loss: 0.12214
[2026-01-01 23:06:41,478][metric:][INFO] - {'AUROC': 0.9909878029943006, 'AUPRC': 0.9940993773459618, 'ACC': 0.9513018819283321, 'BACC': 0.940657556745051, 'F1': 0.9617634556605874, 'MCC': 0.8965793696020867, 'val_Loss': 0.12214310599589034}
[2026-01-01 23:07:07,770][Training process][INFO] - [base_model2]-[model2]-[Epoch 0011] - time:   22 s, train_loss: 0.11938, val_loss: 0.11456
[2026-01-01 23:07:07,816][metric:][INFO] - {'AUROC': 0.9910660885276331, 'AUPRC': 0.994129065075994, 'ACC': 0.9547563805104409, 'BACC': 0.9491340959492933, 'F1': 0.9639534167231499, 'MCC': 0.9034533756053252, 'val_Loss': 0.11455584361561034}
[2026-01-01 23:07:34,269][Training process][INFO] - [base_model2]-[model2]-[Epoch 0012] - time:   22 s, train_loss: 0.11849, val_loss: 0.11223
[2026-01-01 23:07:34,316][metric:][INFO] - {'AUROC': 0.991449357239338, 'AUPRC': 0.994418493903511, 'ACC': 0.9559680329981954, 'BACC': 0.9502820061983231, 'F1': 0.96493389176316, 'MCC': 0.9060435045075604, 'val_Loss': 0.11223123002013094}
[2026-01-01 23:08:00,316][Training process][INFO] - [base_model2]-[model2]-[Epoch 0013] - time:   22 s, train_loss: 0.11407, val_loss: 0.11191
[2026-01-01 23:08:00,365][metric:][INFO] - {'AUROC': 0.9916637266765752, 'AUPRC': 0.994588790605687, 'ACC': 0.9553750966744006, 'BACC': 0.9487324791319847, 'F1': 0.9645613675913605, 'MCC': 0.9047874025866688, 'val_Loss': 0.11190744411004216}
[2026-01-01 23:08:26,193][Training process][INFO] - [base_model2]-[model2]-[Epoch 0014] - time:   22 s, train_loss: 0.11043, val_loss: 0.10882
[2026-01-01 23:08:26,239][metric:][INFO] - {'AUROC': 0.9918034892498268, 'AUPRC': 0.9946497723127852, 'ACC': 0.9582882186130446, 'BACC': 0.9541583085918314, 'F1': 0.9666377994968864, 'MCC': 0.9110717698393888, 'val_Loss': 0.10881541608097522}
[2026-01-01 23:08:52,203][Training process][INFO] - [base_model2]-[model2]-[Epoch 0015] - time:   22 s, train_loss: 0.11058, val_loss: 0.11225
[2026-01-01 23:08:52,254][metric:][INFO] - {'AUROC': 0.9915320255070961, 'AUPRC': 0.9944737860311201, 'ACC': 0.9558133539572055, 'BACC': 0.9498223761150768, 'F1': 0.9648424680013128, 'MCC': 0.9057114893702316, 'val_Loss': 0.11225433125601787}
[2026-01-01 23:09:17,818][Training process][INFO] - [base_model2]-[model2]-[Epoch 0016] - time:   21 s, train_loss: 0.10808, val_loss: 0.11326
[2026-01-01 23:09:17,863][metric:][INFO] - {'AUROC': 0.9912777194627472, 'AUPRC': 0.9942170667927265, 'ACC': 0.9562773910801753, 'BACC': 0.9498464528787098, 'F1': 0.9652615624103887, 'MCC': 0.906715965264991, 'val_Loss': 0.11325858347117901}
[2026-01-01 23:09:43,470][Training process][INFO] - [base_model2]-[model2]-[Epoch 0017] - time:   21 s, train_loss: 0.10561, val_loss: 0.10484
[2026-01-01 23:09:43,516][metric:][INFO] - {'AUROC': 0.9925241253059512, 'AUPRC': 0.995095744153891, 'ACC': 0.9587780355761795, 'BACC': 0.9557457081387455, 'F1': 0.9669211195928753, 'MCC': 0.9122429710721509, 'val_Loss': 0.10483872057183792}
[2026-01-01 23:10:09,119][Training process][INFO] - [base_model2]-[model2]-[Epoch 0018] - time:   21 s, train_loss: 0.10321, val_loss: 0.10958
[2026-01-01 23:10:09,171][metric:][INFO] - {'AUROC': 0.9920943275062881, 'AUPRC': 0.9948014991928463, 'ACC': 0.9573859242072699, 'BACC': 0.9499725300102722, 'F1': 0.9662508421976765, 'MCC': 0.9091726639942438, 'val_Loss': 0.10958428979900323}
[2026-01-01 23:10:35,108][Training process][INFO] - [base_model2]-[model2]-[Epoch 0019] - time:   22 s, train_loss: 0.10121, val_loss: 0.10715
[2026-01-01 23:10:35,154][metric:][INFO] - {'AUROC': 0.9922404379755295, 'AUPRC': 0.9949143718465747, 'ACC': 0.9587264758958495, 'BACC': 0.9566432610457652, 'F1': 0.9667821648650331, 'MCC': 0.9123042640474224, 'val_Loss': 0.1071491132147218}
[2026-01-01 23:11:01,143][Training process][INFO] - [base_model2]-[model2]-[Epoch 0020] - time:   22 s, train_loss: 0.09950, val_loss: 0.10489
[2026-01-01 23:11:01,194][metric:][INFO] - {'AUROC': 0.992450526470883, 'AUPRC': 0.9950258329223183, 'ACC': 0.9597576695024491, 'BACC': 0.9571364459092856, 'F1': 0.9676724584256632, 'MCC': 0.9143833930152019, 'val_Loss': 0.10489392805060274}
[2026-01-01 23:11:27,044][Training process][INFO] - [base_model2]-[model2]-[Epoch 0021] - time:   22 s, train_loss: 0.09710, val_loss: 0.10877
[2026-01-01 23:11:27,095][metric:][INFO] - {'AUROC': 0.9922814801627446, 'AUPRC': 0.9949300009722223, 'ACC': 0.9581335395720546, 'BACC': 0.9574545970839281, 'F1': 0.9661539744070693, 'MCC': 0.911410015725215, 'val_Loss': 0.10877338218453683}
[2026-01-01 23:11:53,423][Training process][INFO] - [base_model2]-[model2]-[Epoch 0022] - time:   22 s, train_loss: 0.09738, val_loss: 0.10577
[2026-01-01 23:11:53,474][metric:][INFO] - {'AUROC': 0.9922108417940916, 'AUPRC': 0.994849458404833, 'ACC': 0.9587522557360144, 'BACC': 0.9554164728873629, 'F1': 0.966931216931217, 'MCC': 0.9121453439896404, 'val_Loss': 0.10576743181598813}
[2026-01-01 23:12:19,214][Training process][INFO] - [base_model2]-[model2]-[Epoch 0023] - time:   22 s, train_loss: 0.08494, val_loss: 0.10099
[2026-01-01 23:12:19,260][metric:][INFO] - {'AUROC': 0.9929100830372941, 'AUPRC': 0.9952172474554393, 'ACC': 0.9613044599123486, 'BACC': 0.9566622566650356, 'F1': 0.9691171326872827, 'MCC': 0.9174706462188055, 'val_Loss': 0.10099495856679584}
[2026-01-01 23:12:45,424][Training process][INFO] - [base_model2]-[model2]-[Epoch 0024] - time:   22 s, train_loss: 0.08318, val_loss: 0.09966
[2026-01-01 23:12:45,470][metric:][INFO] - {'AUROC': 0.9932704851855815, 'AUPRC': 0.9955229397036782, 'ACC': 0.9615880381541635, 'BACC': 0.956970587686995, 'F1': 0.9693428253981318, 'MCC': 0.9180768305743413, 'val_Loss': 0.09966475212652433}
[2026-01-01 23:13:12,275][Training process][INFO] - [base_model2]-[model2]-[Epoch 0025] - time:   22 s, train_loss: 0.08129, val_loss: 0.10071
[2026-01-01 23:13:12,321][metric:][INFO] - {'AUROC': 0.9931444193643015, 'AUPRC': 0.995428234629891, 'ACC': 0.9610982211910286, 'BACC': 0.9561880278347972, 'F1': 0.9689767891285129, 'MCC': 0.9170239158765316, 'val_Loss': 0.10070685174708303}
[2026-01-01 23:13:38,813][Training process][INFO] - [base_model2]-[model2]-[Epoch 0026] - time:   22 s, train_loss: 0.08073, val_loss: 0.09914
[2026-01-01 23:13:38,859][metric:][INFO] - {'AUROC': 0.9932078106695145, 'AUPRC': 0.9954629776567885, 'ACC': 0.9622583139984532, 'BACC': 0.959977310329399, 'F1': 0.969664318276005, 'MCC': 0.9197329973718739, 'val_Loss': 0.0991386178831913}
[2026-01-01 23:14:05,451][Training process][INFO] - [base_model2]-[model2]-[Epoch 0027] - time:   22 s, train_loss: 0.08034, val_loss: 0.10034
[2026-01-01 23:14:05,502][metric:][INFO] - {'AUROC': 0.9930744299231005, 'AUPRC': 0.9953408328584066, 'ACC': 0.9619231760763083, 'BACC': 0.9582727390845178, 'F1': 0.9695218835764842, 'MCC': 0.9188474164803776, 'val_Loss': 0.1003426643039443}
[2026-01-01 23:14:32,063][Training process][INFO] - [base_model2]-[model2]-[Epoch 0028] - time:   22 s, train_loss: 0.07880, val_loss: 0.09986
[2026-01-01 23:14:32,110][metric:][INFO] - {'AUROC': 0.9932408013494547, 'AUPRC': 0.9955006475201104, 'ACC': 0.9615622583139984, 'BACC': 0.956493798491581, 'F1': 0.9693644825248104, 'MCC': 0.918014650942864, 'val_Loss': 0.0998590950069851}
[2026-01-01 23:14:58,777][Training process][INFO] - [base_model2]-[model2]-[Epoch 0029] - time:   22 s, train_loss: 0.07919, val_loss: 0.10222
[2026-01-01 23:14:58,829][metric:][INFO] - {'AUROC': 0.9930604786897753, 'AUPRC': 0.9953248787009318, 'ACC': 0.9614333591131735, 'BACC': 0.9566585115477799, 'F1': 0.9692333004277723, 'MCC': 0.9177424887790676, 'val_Loss': 0.10221719342332922}
[2026-01-01 23:15:25,277][Training process][INFO] - [base_model2]-[model2]-[Epoch 0030] - time:   22 s, train_loss: 0.07820, val_loss: 0.10114
[2026-01-01 23:15:25,329][metric:][INFO] - {'AUROC': 0.9931862476161424, 'AUPRC': 0.9954328049774063, 'ACC': 0.9620005155968033, 'BACC': 0.9591128908946343, 'F1': 0.9695126995946057, 'MCC': 0.9190955724665866, 'val_Loss': 0.10114138553801336}
[2026-01-01 23:15:51,312][Training process][INFO] - [base_model2]-[model2]-[Epoch 0031] - time:   22 s, train_loss: 0.07752, val_loss: 0.09937
[2026-01-01 23:15:51,364][metric:][INFO] - {'AUROC': 0.9933762052226308, 'AUPRC': 0.9955703885245362, 'ACC': 0.9621809744779583, 'BACC': 0.958600598722805, 'F1': 0.9697232369512724, 'MCC': 0.9194018878913128, 'val_Loss': 0.09937149898982361}
[2026-01-01 23:16:17,937][Training process][INFO] - [base_model2]-[model2]-[Epoch 0032] - time:   22 s, train_loss: 0.07557, val_loss: 0.09963
[2026-01-01 23:16:17,989][metric:][INFO] - {'AUROC': 0.9933731047914715, 'AUPRC': 0.995540658056215, 'ACC': 0.9618973962361433, 'BACC': 0.957339874062098, 'F1': 0.9695859741542514, 'MCC': 0.918739085646389, 'val_Loss': 0.09963258637703563}
[2026-01-01 23:16:44,278][Training process][INFO] - [base_model2]-[model2]-[Epoch 0033] - time:   22 s, train_loss: 0.07469, val_loss: 0.09907
[2026-01-01 23:16:44,330][metric:][INFO] - {'AUROC': 0.9933644085981005, 'AUPRC': 0.9955427817887469, 'ACC': 0.9624387728796081, 'BACC': 0.9590760123051235, 'F1': 0.9699109927100757, 'MCC': 0.9199705375337286, 'val_Loss': 0.09906595859578565}
[2026-01-01 23:17:10,921][Training process][INFO] - [base_model2]-[model2]-[Epoch 0034] - time:   22 s, train_loss: 0.07453, val_loss: 0.10001
[2026-01-01 23:17:10,967][metric:][INFO] - {'AUROC': 0.9932859237210407, 'AUPRC': 0.9954643878934542, 'ACC': 0.9617684970353184, 'BACC': 0.9573704471691775, 'F1': 0.9694673776533322, 'MCC': 0.9184698027621983, 'val_Loss': 0.10000767286768869}
[2026-01-01 23:17:36,499][Training process][INFO] - [base_model2]-[model2]-[Epoch 0035] - time:   21 s, train_loss: 0.07417, val_loss: 0.09959
[2026-01-01 23:17:36,550][metric:][INFO] - {'AUROC': 0.9932860933752765, 'AUPRC': 0.9954700897292638, 'ACC': 0.9620778551172983, 'BACC': 0.9584640892695254, 'F1': 0.9696431888065707, 'MCC': 0.919179620754855, 'val_Loss': 0.09958928083314707}
[2026-01-01 23:18:01,757][Training process][INFO] - [base_model2]-[model2]-[Epoch 0036] - time:   21 s, train_loss: 0.07433, val_loss: 0.09908
[2026-01-01 23:18:01,757][EarlyStop][INFO] - Stopped at epoch 36
[2026-01-01 23:18:01,874][Fold 3][INFO] - Train 155162, Val 38790
[2026-01-01 23:18:01,874][Begin training model #][INFO] - 3
[2026-01-01 23:18:01,879][Trainable params][INFO] - 261889
[2026-01-01 23:18:01,880][Start training][INFO] - 2026-01-01 23:18:01.880179
[2026-01-01 23:19:07,496][Training process][INFO] - [base_model3]-[model3]-[Epoch 0000] - time:   52 s, train_loss: 0.43047, val_loss: 0.23819
[2026-01-01 23:19:07,547][metric:][INFO] - {'AUROC': 0.9645035482038256, 'AUPRC': 0.9761341751771477, 'ACC': 0.9046403712296984, 'BACC': 0.8890548372792642, 'F1': 0.9255689478238123, 'MCC': 0.7957156644238511, 'val_Loss': 0.2381914047720401}
[2026-01-01 23:19:33,006][Training process][INFO] - [base_model3]-[model3]-[Epoch 0001] - time:   21 s, train_loss: 0.23800, val_loss: 0.17870
[2026-01-01 23:19:33,052][metric:][INFO] - {'AUROC': 0.9794349631179751, 'AUPRC': 0.986371884567324, 'ACC': 0.9281258056200051, 'BACC': 0.9164291886730949, 'F1': 0.9434941224158897, 'MCC': 0.8463729862790852, 'val_Loss': 0.1787042820237969}
[2026-01-01 23:19:58,670][Training process][INFO] - [base_model3]-[model3]-[Epoch 0002] - time:   21 s, train_loss: 0.19411, val_loss: 0.16217
[2026-01-01 23:19:58,716][metric:][INFO] - {'AUROC': 0.9837803721975853, 'AUPRC': 0.9890950693163899, 'ACC': 0.934261407579273, 'BACC': 0.9210236204813934, 'F1': 0.9486177158055936, 'MCC': 0.8600252127943764, 'val_Loss': 0.1621654525546259}
[2026-01-01 23:20:24,541][Training process][INFO] - [base_model3]-[model3]-[Epoch 0003] - time:   22 s, train_loss: 0.17314, val_loss: 0.15604
[2026-01-01 23:20:24,587][metric:][INFO] - {'AUROC': 0.9849596416183206, 'AUPRC': 0.9897980819235291, 'ACC': 0.9368136117556071, 'BACC': 0.9245900253788316, 'F1': 0.950485848770732, 'MCC': 0.865357653678178, 'val_Loss': 0.15604452737361976}
[2026-01-01 23:20:50,277][Training process][INFO] - [base_model3]-[model3]-[Epoch 0004] - time:   21 s, train_loss: 0.15755, val_loss: 0.13359
[2026-01-01 23:20:50,323][metric:][INFO] - {'AUROC': 0.9882264696523678, 'AUPRC': 0.992153156573865, 'ACC': 0.945604537251869, 'BACC': 0.9373274038537, 'F1': 0.9569352600212262, 'MCC': 0.8838596023238479, 'val_Loss': 0.13359183992112153}
[2026-01-01 23:21:16,175][Training process][INFO] - [base_model3]-[model3]-[Epoch 0005] - time:   22 s, train_loss: 0.14929, val_loss: 0.13107
[2026-01-01 23:21:16,220][metric:][INFO] - {'AUROC': 0.9883254685541082, 'AUPRC': 0.9921890015868384, 'ACC': 0.9478731631863883, 'BACC': 0.9428524428692966, 'F1': 0.9583367674936124, 'MCC': 0.8888197610489413, 'val_Loss': 0.13106586362578368}
[2026-01-01 23:21:41,966][Training process][INFO] - [base_model3]-[model3]-[Epoch 0006] - time:   21 s, train_loss: 0.13932, val_loss: 0.12821
[2026-01-01 23:21:42,012][metric:][INFO] - {'AUROC': 0.9896355894593586, 'AUPRC': 0.9931746073704444, 'ACC': 0.9494972931167827, 'BACC': 0.9480474436034612, 'F1': 0.9592002499218995, 'MCC': 0.8930369252711035, 'val_Loss': 0.12821098113138424}
[2026-01-01 23:22:07,961][Training process][INFO] - [base_model3]-[model3]-[Epoch 0007] - time:   22 s, train_loss: 0.13521, val_loss: 0.12405
[2026-01-01 23:22:08,007][metric:][INFO] - {'AUROC': 0.990196091709866, 'AUPRC': 0.9935104399479531, 'ACC': 0.9496777519979376, 'BACC': 0.9414317837466994, 'F1': 0.9601876402202733, 'MCC': 0.8926350117606573, 'val_Loss': 0.12405275434598718}
[2026-01-01 23:22:33,797][Training process][INFO] - [base_model3]-[model3]-[Epoch 0008] - time:   22 s, train_loss: 0.12866, val_loss: 0.12431
[2026-01-01 23:22:33,843][metric:][INFO] - {'AUROC': 0.9908048054528363, 'AUPRC': 0.9939468069083699, 'ACC': 0.9493941737561227, 'BACC': 0.9385882076863836, 'F1': 0.9602703960816855, 'MCC': 0.8924610087905089, 'val_Loss': 0.12431343740440513}
[2026-01-01 23:22:59,853][Training process][INFO] - [base_model3]-[model3]-[Epoch 0009] - time:   22 s, train_loss: 0.12523, val_loss: 0.11816
[2026-01-01 23:22:59,898][metric:][INFO] - {'AUROC': 0.9910992375515264, 'AUPRC': 0.9941633203286813, 'ACC': 0.9530291312193865, 'BACC': 0.9450098453039237, 'F1': 0.9628375622093498, 'MCC': 0.899841753589995, 'val_Loss': 0.1181607359628144}
[2026-01-01 23:23:26,620][Training process][INFO] - [base_model3]-[model3]-[Epoch 0010] - time:   22 s, train_loss: 0.12126, val_loss: 0.11618
[2026-01-01 23:23:26,667][metric:][INFO] - {'AUROC': 0.9908664705262, 'AUPRC': 0.9939760310485488, 'ACC': 0.9551946377932456, 'BACC': 0.949674019140996, 'F1': 0.9642945188593969, 'MCC': 0.9043929936527644, 'val_Loss': 0.11618315524078514}
[2026-01-01 23:23:53,174][Training process][INFO] - [base_model3]-[model3]-[Epoch 0011] - time:   22 s, train_loss: 0.11863, val_loss: 0.11681
[2026-01-01 23:23:53,225][metric:][INFO] - {'AUROC': 0.9914753397855537, 'AUPRC': 0.9943864062886602, 'ACC': 0.9524877545759216, 'BACC': 0.9434346749998415, 'F1': 0.9625231307318461, 'MCC': 0.8988147032252659, 'val_Loss': 0.1168107507554324}
[2026-01-01 23:24:19,838][Training process][INFO] - [base_model3]-[model3]-[Epoch 0012] - time:   22 s, train_loss: 0.11695, val_loss: 0.10894
[2026-01-01 23:24:19,884][metric:][INFO] - {'AUROC': 0.9920017500173731, 'AUPRC': 0.9947815207728521, 'ACC': 0.9574374838875999, 'BACC': 0.9527504117091237, 'F1': 0.9660099232083668, 'MCC': 0.909218181197759, 'val_Loss': 0.10893502972382856}
[2026-01-01 23:24:46,391][Training process][INFO] - [base_model3]-[model3]-[Epoch 0013] - time:   22 s, train_loss: 0.11122, val_loss: 0.11302
[2026-01-01 23:24:46,442][metric:][INFO] - {'AUROC': 0.9919272703940643, 'AUPRC': 0.994755879486368, 'ACC': 0.9554266563547306, 'BACC': 0.9472983664284873, 'F1': 0.9647624676462796, 'MCC': 0.9050319559183754, 'val_Loss': 0.11301647211228938}
[2026-01-01 23:25:13,039][Training process][INFO] - [base_model3]-[model3]-[Epoch 0014] - time:   22 s, train_loss: 0.10912, val_loss: 0.11143
[2026-01-01 23:25:13,091][metric:][INFO] - {'AUROC': 0.9919800950679565, 'AUPRC': 0.9947860811168043, 'ACC': 0.9562258313998453, 'BACC': 0.950247687973988, 'F1': 0.9651720884440251, 'MCC': 0.9065949691601698, 'val_Loss': 0.11142591730152306}
[2026-01-01 23:25:39,811][Training process][INFO] - [base_model3]-[model3]-[Epoch 0015] - time:   22 s, train_loss: 0.10596, val_loss: 0.10705
[2026-01-01 23:25:39,858][metric:][INFO] - {'AUROC': 0.9922050989982089, 'AUPRC': 0.9948499340651786, 'ACC': 0.9584428976540346, 'BACC': 0.9531826412195001, 'F1': 0.9668776197912387, 'MCC': 0.9113424958641136, 'val_Loss': 0.10705486841891941}
[2026-01-01 23:26:06,188][Training process][INFO] - [base_model3]-[model3]-[Epoch 0016] - time:   22 s, train_loss: 0.10432, val_loss: 0.11591
[2026-01-01 23:26:06,239][metric:][INFO] - {'AUROC': 0.9921936883370649, 'AUPRC': 0.9949185749500415, 'ACC': 0.9533127094612014, 'BACC': 0.9542250689474108, 'F1': 0.9620327470177572, 'MCC': 0.9018966462710348, 'val_Loss': 0.11591354497757397}
[2026-01-01 23:26:32,118][Training process][INFO] - [base_model3]-[model3]-[Epoch 0017] - time:   21 s, train_loss: 0.10197, val_loss: 0.11437
[2026-01-01 23:26:32,164][metric:][INFO] - {'AUROC': 0.9920080866030812, 'AUPRC': 0.9946794971251498, 'ACC': 0.9543439030678009, 'BACC': 0.9456235652606362, 'F1': 0.9639637806490996, 'MCC': 0.9027794621422373, 'val_Loss': 0.1143725928605387}
[2026-01-01 23:26:57,912][Training process][INFO] - [base_model3]-[model3]-[Epoch 0018] - time:   21 s, train_loss: 0.10037, val_loss: 0.10691
[2026-01-01 23:26:57,958][metric:][INFO] - {'AUROC': 0.9922884048831365, 'AUPRC': 0.99491983845879, 'ACC': 0.9593194122196442, 'BACC': 0.9555234031246278, 'F1': 0.9674357175285815, 'MCC': 0.9132965843392867, 'val_Loss': 0.10691020974742346}
[2026-01-01 23:27:23,790][Training process][INFO] - [base_model3]-[model3]-[Epoch 0019] - time:   22 s, train_loss: 0.09959, val_loss: 0.10700
[2026-01-01 23:27:23,841][metric:][INFO] - {'AUROC': 0.9923835611164356, 'AUPRC': 0.9950179364747254, 'ACC': 0.9581850992523846, 'BACC': 0.9528145395964772, 'F1': 0.9666817304137053, 'MCC': 0.9107896666660901, 'val_Loss': 0.10700448031390183}
[2026-01-01 23:27:49,937][Training process][INFO] - [base_model3]-[model3]-[Epoch 0020] - time:   22 s, train_loss: 0.09681, val_loss: 0.10452
[2026-01-01 23:27:49,982][metric:][INFO] - {'AUROC': 0.9928159715913303, 'AUPRC': 0.9953319375577722, 'ACC': 0.9598092291827791, 'BACC': 0.9566949688292716, 'F1': 0.9677632803291909, 'MCC': 0.9144174983492813, 'val_Loss': 0.10451772233079139}
[2026-01-01 23:28:15,868][Training process][INFO] - [base_model3]-[model3]-[Epoch 0021] - time:   22 s, train_loss: 0.09567, val_loss: 0.10190
[2026-01-01 23:28:15,914][metric:][INFO] - {'AUROC': 0.9930295337571622, 'AUPRC': 0.9954739398289768, 'ACC': 0.9602474864655839, 'BACC': 0.9546996469826179, 'F1': 0.9683549499261205, 'MCC': 0.9152041632383161, 'val_Loss': 0.1019040743305691}
[2026-01-01 23:28:41,383][Training process][INFO] - [base_model3]-[model3]-[Epoch 0022] - time:   21 s, train_loss: 0.09622, val_loss: 0.10545
[2026-01-01 23:28:41,433][metric:][INFO] - {'AUROC': 0.992413157297874, 'AUPRC': 0.9950146673567464, 'ACC': 0.9594225315803042, 'BACC': 0.9549087288628388, 'F1': 0.9675904954083103, 'MCC': 0.9134607497109706, 'val_Loss': 0.10545355245765102}
[2026-01-01 23:29:06,792][Training process][INFO] - [base_model3]-[model3]-[Epoch 0023] - time:   21 s, train_loss: 0.09259, val_loss: 0.10195
[2026-01-01 23:29:06,838][metric:][INFO] - {'AUROC': 0.9930337779406282, 'AUPRC': 0.995423899289307, 'ACC': 0.960221706625419, 'BACC': 0.9555508432834859, 'F1': 0.9682490688725641, 'MCC': 0.9151583614294945, 'val_Loss': 0.10195342706222284}
[2026-01-01 23:29:32,365][Training process][INFO] - [base_model3]-[model3]-[Epoch 0024] - time:   21 s, train_loss: 0.09035, val_loss: 0.10266
[2026-01-01 23:29:32,415][metric:][INFO] - {'AUROC': 0.992983942008857, 'AUPRC': 0.9954199310962734, 'ACC': 0.9591905130188193, 'BACC': 0.9534479790305328, 'F1': 0.9675262067409276, 'MCC': 0.9129433683912012, 'val_Loss': 0.102656304725985}
[2026-01-01 23:29:57,921][Training process][INFO] - [base_model3]-[model3]-[Epoch 0025] - time:   21 s, train_loss: 0.08708, val_loss: 0.10436
[2026-01-01 23:29:57,966][metric:][INFO] - {'AUROC': 0.9928929606835443, 'AUPRC': 0.9953846194409033, 'ACC': 0.9586749162155195, 'BACC': 0.9525373938506317, 'F1': 0.9671523124526137, 'MCC': 0.9118496774482523, 'val_Loss': 0.10435782300651465}
[2026-01-01 23:30:23,410][Training process][INFO] - [base_model3]-[model3]-[Epoch 0026] - time:   21 s, train_loss: 0.08696, val_loss: 0.10427
[2026-01-01 23:30:23,462][metric:][INFO] - {'AUROC': 0.992854517033708, 'AUPRC': 0.9952555222200097, 'ACC': 0.9606341840680588, 'BACC': 0.9559895691373089, 'F1': 0.9685783073029199, 'MCC': 0.9160397199856712, 'val_Loss': 0.10427043628633807}
[2026-01-01 23:30:50,139][Training process][INFO] - [base_model3]-[model3]-[Epoch 0027] - time:   22 s, train_loss: 0.07707, val_loss: 0.09940
[2026-01-01 23:30:50,185][metric:][INFO] - {'AUROC': 0.9935743613700653, 'AUPRC': 0.9957840109343518, 'ACC': 0.9620520752771333, 'BACC': 0.9566727285727414, 'F1': 0.9697865353037767, 'MCC': 0.9190662411020525, 'val_Loss': 0.09940191230883724}
[2026-01-01 23:31:16,275][Training process][INFO] - [base_model3]-[model3]-[Epoch 0028] - time:   22 s, train_loss: 0.07376, val_loss: 0.09887
[2026-01-01 23:31:16,321][metric:][INFO] - {'AUROC': 0.9935711223879464, 'AUPRC': 0.9957853764014162, 'ACC': 0.9626450116009281, 'BACC': 0.9572832759952441, 'F1': 0.9702604519426143, 'MCC': 0.9203359926929062, 'val_Loss': 0.09886658294616561}
[2026-01-01 23:31:43,114][Training process][INFO] - [base_model3]-[model3]-[Epoch 0029] - time:   22 s, train_loss: 0.07373, val_loss: 0.09937
[2026-01-01 23:31:43,160][metric:][INFO] - {'AUROC': 0.993572312795168, 'AUPRC': 0.9958195442657679, 'ACC': 0.9627996906419181, 'BACC': 0.9580380139665531, 'F1': 0.9703300092525958, 'MCC': 0.9206622043479467, 'val_Loss': 0.09936687632120754}
[2026-01-01 23:32:10,108][Training process][INFO] - [base_model3]-[model3]-[Epoch 0030] - time:   22 s, train_loss: 0.07288, val_loss: 0.09931
[2026-01-01 23:32:10,154][metric:][INFO] - {'AUROC': 0.993659180005262, 'AUPRC': 0.9958920332395506, 'ACC': 0.962619231760763, 'BACC': 0.9584295801841749, 'F1': 0.9701326522204828, 'MCC': 0.9202935179447231, 'val_Loss': 0.09930724231526256}
[2026-01-01 23:32:36,618][Training process][INFO] - [base_model3]-[model3]-[Epoch 0031] - time:   22 s, train_loss: 0.07144, val_loss: 0.09924
[2026-01-01 23:32:36,664][metric:][INFO] - {'AUROC': 0.993595291047624, 'AUPRC': 0.9958010648217124, 'ACC': 0.9624129930394432, 'BACC': 0.9578077974099052, 'F1': 0.9700049374588545, 'MCC': 0.9198386834237346, 'val_Loss': 0.09923842073859353}
[2026-01-01 23:33:02,890][Training process][INFO] - [base_model3]-[model3]-[Epoch 0032] - time:   22 s, train_loss: 0.07122, val_loss: 0.10003
[2026-01-01 23:33:02,942][metric:][INFO] - {'AUROC': 0.9937231269280975, 'AUPRC': 0.995920277794073, 'ACC': 0.9625934519205981, 'BACC': 0.9573625752126356, 'F1': 0.9702071740960516, 'MCC': 0.9202227063506042, 'val_Loss': 0.10003079515636752}
[2026-01-01 23:33:27,628][Training process][INFO] - [base_model3]-[model3]-[Epoch 0033] - time:   21 s, train_loss: 0.07076, val_loss: 0.09920
[2026-01-01 23:33:27,673][metric:][INFO] - {'AUROC': 0.9936006945350345, 'AUPRC': 0.9958285086342048, 'ACC': 0.9624903325599381, 'BACC': 0.9587016051996693, 'F1': 0.9699919566069256, 'MCC': 0.9200431797345561, 'val_Loss': 0.09920010860323121}
[2026-01-01 23:33:52,650][Training process][INFO] - [base_model3]-[model3]-[Epoch 0034] - time:   21 s, train_loss: 0.06959, val_loss: 0.09797
[2026-01-01 23:33:52,694][metric:][INFO] - {'AUROC': 0.9936951990133115, 'AUPRC': 0.9958961020849736, 'ACC': 0.9629028100025779, 'BACC': 0.9598512727838251, 'F1': 0.9702569190384656, 'MCC': 0.9209897364716844, 'val_Loss': 0.09797402664921001}
[2026-01-01 23:34:17,896][Training process][INFO] - [base_model3]-[model3]-[Epoch 0035] - time:   21 s, train_loss: 0.06941, val_loss: 0.09846
[2026-01-01 23:34:17,942][metric:][INFO] - {'AUROC': 0.9937759883604075, 'AUPRC': 0.9959832742666681, 'ACC': 0.963031709203403, 'BACC': 0.9592707258853561, 'F1': 0.9704256723312985, 'MCC': 0.9211976736644018, 'val_Loss': 0.09845541048133255}
[2026-01-01 23:34:43,297][Training process][INFO] - [base_model3]-[model3]-[Epoch 0036] - time:   21 s, train_loss: 0.06902, val_loss: 0.09986
[2026-01-01 23:34:43,342][metric:][INFO] - {'AUROC': 0.9936926075448591, 'AUPRC': 0.99590625520405, 'ACC': 0.963031709203403, 'BACC': 0.9579963963687219, 'F1': 0.9705411068655244, 'MCC': 0.9211582111588097, 'val_Loss': 0.09986081164281227}
[2026-01-01 23:35:09,207][Training process][INFO] - [base_model3]-[model3]-[Epoch 0037] - time:   21 s, train_loss: 0.06922, val_loss: 0.10101
[2026-01-01 23:35:09,259][metric:][INFO] - {'AUROC': 0.9935744094387653, 'AUPRC': 0.9958351352662036, 'ACC': 0.9625934519205981, 'BACC': 0.9583954528208549, 'F1': 0.9701126696739377, 'MCC': 0.9202381534982073, 'val_Loss': 0.10101381412364151}
[2026-01-01 23:35:35,153][Training process][INFO] - [base_model3]-[model3]-[Epoch 0038] - time:   22 s, train_loss: 0.06769, val_loss: 0.10092
[2026-01-01 23:35:35,199][metric:][INFO] - {'AUROC': 0.993506047264443, 'AUPRC': 0.9957454160035876, 'ACC': 0.9623872131992781, 'BACC': 0.9573444222094032, 'F1': 0.9700244488730918, 'MCC': 0.9197792974452779, 'val_Loss': 0.10092360689917482}
[2026-01-01 23:36:01,312][Training process][INFO] - [base_model3]-[model3]-[Epoch 0039] - time:   22 s, train_loss: 0.06723, val_loss: 0.10217
[2026-01-01 23:36:01,363][metric:][INFO] - {'AUROC': 0.9934726720349016, 'AUPRC': 0.9957179152546185, 'ACC': 0.9625418922402681, 'BACC': 0.9578442942773853, 'F1': 0.970117022808136, 'MCC': 0.9201121758319852, 'val_Loss': 0.10216785828264333}
[2026-01-01 23:36:27,752][Training process][INFO] - [base_model3]-[model3]-[Epoch 0040] - time:   22 s, train_loss: 0.06446, val_loss: 0.10070
[2026-01-01 23:36:27,798][metric:][INFO] - {'AUROC': 0.9936396429062224, 'AUPRC': 0.995839134230449, 'ACC': 0.963031709203403, 'BACC': 0.9583585742313443, 'F1': 0.9705083909180652, 'MCC': 0.9211590894091677, 'val_Loss': 0.10070123022275143}
[2026-01-01 23:36:53,573][Training process][INFO] - [base_model3]-[model3]-[Epoch 0041] - time:   21 s, train_loss: 0.06535, val_loss: 0.09999
[2026-01-01 23:36:53,619][metric:][INFO] - {'AUROC': 0.9936360024090788, 'AUPRC': 0.9958360709258077, 'ACC': 0.9630574890435679, 'BACC': 0.9584731855641357, 'F1': 0.9705210754767439, 'MCC': 0.9212156272644915, 'val_Loss': 0.09999289040110614}
[2026-01-01 23:37:19,541][Training process][INFO] - [base_model3]-[model3]-[Epoch 0042] - time:   21 s, train_loss: 0.06425, val_loss: 0.10098
[2026-01-01 23:37:19,586][metric:][INFO] - {'AUROC': 0.9936598727600583, 'AUPRC': 0.9958492694476113, 'ACC': 0.963083268883733, 'BACC': 0.9583329309936004, 'F1': 0.970556789209639, 'MCC': 0.921268413954953, 'val_Loss': 0.10097656974961099}
[2026-01-01 23:37:45,272][Training process][INFO] - [base_model3]-[model3]-[Epoch 0043] - time:   21 s, train_loss: 0.06511, val_loss: 0.10057
[2026-01-01 23:37:45,323][metric:][INFO] - {'AUROC': 0.9936649595595622, 'AUPRC': 0.9958687404714082, 'ACC': 0.9636762052075277, 'BACC': 0.9596141781617001, 'F1': 0.9709717958754815, 'MCC': 0.9225531039637402, 'val_Loss': 0.10056783348370932}
[2026-01-01 23:38:11,272][Training process][INFO] - [base_model3]-[model3]-[Epoch 0044] - time:   22 s, train_loss: 0.06327, val_loss: 0.10108
[2026-01-01 23:38:11,272][EarlyStop][INFO] - Stopped at epoch 44
[2026-01-01 23:38:11,390][Fold 4][INFO] - Train 155162, Val 38790
[2026-01-01 23:38:11,391][Begin training model #][INFO] - 4
[2026-01-01 23:38:11,395][Trainable params][INFO] - 261889
[2026-01-01 23:38:11,396][Start training][INFO] - 2026-01-01 23:38:11.396535
[2026-01-01 23:39:18,387][Training process][INFO] - [base_model4]-[model4]-[Epoch 0000] - time:   53 s, train_loss: 0.43968, val_loss: 0.25777
[2026-01-01 23:39:18,438][metric:][INFO] - {'AUROC': 0.9601739292113391, 'AUPRC': 0.9727006647296912, 'ACC': 0.8965712812580562, 'BACC': 0.8785664350541308, 'F1': 0.9197278911564626, 'MCC': 0.7784071044714607, 'val_Loss': 0.25777242489551244}
[2026-01-01 23:39:43,674][Training process][INFO] - [base_model4]-[model4]-[Epoch 0001] - time:   21 s, train_loss: 0.24440, val_loss: 0.20591
[2026-01-01 23:39:43,720][metric:][INFO] - {'AUROC': 0.9771784175991233, 'AUPRC': 0.9841049758252398, 'ACC': 0.9199278164475381, 'BACC': 0.899841345311144, 'F1': 0.9385096610706367, 'MCC': 0.8310706388764755, 'val_Loss': 0.20591170980448}
[2026-01-01 23:40:09,471][Training process][INFO] - [base_model4]-[model4]-[Epoch 0002] - time:   21 s, train_loss: 0.19362, val_loss: 0.15587
[2026-01-01 23:40:09,517][metric:][INFO] - {'AUROC': 0.9834342822473571, 'AUPRC': 0.9885960514413227, 'ACC': 0.9388759989688064, 'BACC': 0.9293890443219301, 'F1': 0.9517216102298874, 'MCC': 0.8694363913221158, 'val_Loss': 0.15587265659613828}
[2026-01-01 23:40:35,530][Training process][INFO] - [base_model4]-[model4]-[Epoch 0003] - time:   22 s, train_loss: 0.16896, val_loss: 0.14167
[2026-01-01 23:40:35,576][metric:][INFO] - {'AUROC': 0.9863955839440552, 'AUPRC': 0.9907329406899748, 'ACC': 0.9451405001288992, 'BACC': 0.9413425780875445, 'F1': 0.9559620876619345, 'MCC': 0.883232831974676, 'val_Loss': 0.14167222963940157}
[2026-01-01 23:41:01,611][Training process][INFO] - [base_model4]-[model4]-[Epoch 0004] - time:   22 s, train_loss: 0.15544, val_loss: 0.13328
[2026-01-01 23:41:01,657][metric:][INFO] - {'AUROC': 0.9875754126779481, 'AUPRC': 0.9914607151039139, 'ACC': 0.948414539829853, 'BACC': 0.940218258730563, 'F1': 0.9591707645534494, 'MCC': 0.8899108515751557, 'val_Loss': 0.13327917084097862}
[2026-01-01 23:41:27,425][Training process][INFO] - [base_model4]-[model4]-[Epoch 0005] - time:   21 s, train_loss: 0.14653, val_loss: 0.13507
[2026-01-01 23:41:27,471][metric:][INFO] - {'AUROC': 0.9885631711072924, 'AUPRC': 0.9921715503738238, 'ACC': 0.9471255478216035, 'BACC': 0.9354543428928217, 'F1': 0.9585782086236494, 'MCC': 0.8877457794435364, 'val_Loss': 0.13506654951427327}
[2026-01-01 23:41:53,389][Training process][INFO] - [base_model4]-[model4]-[Epoch 0006] - time:   22 s, train_loss: 0.13800, val_loss: 0.12441
[2026-01-01 23:41:53,435][metric:][INFO] - {'AUROC': 0.9895023970030185, 'AUPRC': 0.9927482274953254, 'ACC': 0.951559680329982, 'BACC': 0.9433354699014654, 'F1': 0.9616866831148176, 'MCC': 0.896696255728257, 'val_Loss': 0.12441386779966324}
[2026-01-01 23:42:19,192][Training process][INFO] - [base_model4]-[model4]-[Epoch 0007] - time:   21 s, train_loss: 0.13294, val_loss: 0.12410
[2026-01-01 23:42:19,238][metric:][INFO] - {'AUROC': 0.989177954704303, 'AUPRC': 0.9925688112511658, 'ACC': 0.9519721577726218, 'BACC': 0.9464295238903739, 'F1': 0.9617037021810183, 'MCC': 0.8975112373344782, 'val_Loss': 0.12409602470794007}
[2026-01-01 23:42:45,176][Training process][INFO] - [base_model4]-[model4]-[Epoch 0008] - time:   22 s, train_loss: 0.12734, val_loss: 0.11826
[2026-01-01 23:42:45,222][metric:][INFO] - {'AUROC': 0.9900589921718432, 'AUPRC': 0.9931272845363359, 'ACC': 0.954111884506316, 'BACC': 0.9493423665683174, 'F1': 0.9633382764870654, 'MCC': 0.9021275756607354, 'val_Loss': 0.11826100876848948}
[2026-01-01 23:43:11,284][Training process][INFO] - [base_model4]-[model4]-[Epoch 0009] - time:   22 s, train_loss: 0.12504, val_loss: 0.11471
[2026-01-01 23:43:11,330][metric:][INFO] - {'AUROC': 0.9907980257843542, 'AUPRC': 0.9937227455951381, 'ACC': 0.9557875741170405, 'BACC': 0.9495756942624951, 'F1': 0.9648443105180083, 'MCC': 0.9056617554457201, 'val_Loss': 0.11470500813601048}
[2026-01-01 23:43:37,287][Training process][INFO] - [base_model4]-[model4]-[Epoch 0010] - time:   22 s, train_loss: 0.12103, val_loss: 0.11452
[2026-01-01 23:43:37,333][metric:][INFO] - {'AUROC': 0.9909652084801227, 'AUPRC': 0.993813954407075, 'ACC': 0.9566125290023202, 'BACC': 0.9500507982051607, 'F1': 0.9655426570849457, 'MCC': 0.907443875091023, 'val_Loss': 0.11452077164951908}
[2026-01-01 23:44:03,477][Training process][INFO] - [base_model4]-[model4]-[Epoch 0011] - time:   22 s, train_loss: 0.11728, val_loss: 0.11584
[2026-01-01 23:44:03,529][metric:][INFO] - {'AUROC': 0.9910999668798575, 'AUPRC': 0.9938866263058752, 'ACC': 0.9565351894818253, 'BACC': 0.949224239492696, 'F1': 0.9655595048412796, 'MCC': 0.9073315542084832, 'val_Loss': 0.11583673723630215}
[2026-01-01 23:44:29,552][Training process][INFO] - [base_model4]-[model4]-[Epoch 0012] - time:   22 s, train_loss: 0.11566, val_loss: 0.10946
[2026-01-01 23:44:29,599][metric:][INFO] - {'AUROC': 0.9915344849628968, 'AUPRC': 0.9941584187725243, 'ACC': 0.9579273008507347, 'BACC': 0.9534272934720363, 'F1': 0.9663837851198813, 'MCC': 0.9102766819203765, 'val_Loss': 0.10946011817769001}
[2026-01-01 23:44:55,724][Training process][INFO] - [base_model4]-[model4]-[Epoch 0013] - time:   22 s, train_loss: 0.10973, val_loss: 0.10984
[2026-01-01 23:44:55,776][metric:][INFO] - {'AUROC': 0.9914319614170473, 'AUPRC': 0.9941034288347719, 'ACC': 0.9581593194122197, 'BACC': 0.9549413914626443, 'F1': 0.966438511962613, 'MCC': 0.9109061563196137, 'val_Loss': 0.10984234707920175}
[2026-01-01 23:45:22,043][Training process][INFO] - [base_model4]-[model4]-[Epoch 0014] - time:   22 s, train_loss: 0.10963, val_loss: 0.10921
[2026-01-01 23:45:22,089][metric:][INFO] - {'AUROC': 0.9918149342708129, 'AUPRC': 0.9944232456375885, 'ACC': 0.9579530806908997, 'BACC': 0.9520130512859819, 'F1': 0.9665525090745032, 'MCC': 0.9102981451531282, 'val_Loss': 0.10920830693488058}
[2026-01-01 23:45:48,121][Training process][INFO] - [base_model4]-[model4]-[Epoch 0015] - time:   22 s, train_loss: 0.10655, val_loss: 0.10909
[2026-01-01 23:45:48,167][metric:][INFO] - {'AUROC': 0.9918549320115315, 'AUPRC': 0.9944261641371566, 'ACC': 0.9585460170146946, 'BACC': 0.9569418666174818, 'F1': 0.9665849299696605, 'MCC': 0.9120326024191403, 'val_Loss': 0.10909071059799508}
[2026-01-01 23:46:14,337][Training process][INFO] - [base_model4]-[model4]-[Epoch 0016] - time:   22 s, train_loss: 0.10625, val_loss: 0.10765
[2026-01-01 23:46:14,384][metric:][INFO] - {'AUROC': 0.9923313436705185, 'AUPRC': 0.9947401263579595, 'ACC': 0.9594483114204692, 'BACC': 0.952409827969112, 'F1': 0.9678592591079055, 'MCC': 0.9135803058220177, 'val_Loss': 0.10765460615144357}
[2026-01-01 23:46:40,454][Training process][INFO] - [base_model4]-[model4]-[Epoch 0017] - time:   22 s, train_loss: 0.10141, val_loss: 0.10638
[2026-01-01 23:46:40,500][metric:][INFO] - {'AUROC': 0.9921586728074424, 'AUPRC': 0.9946049357404811, 'ACC': 0.9594740912606342, 'BACC': 0.9537045689170969, 'F1': 0.967755169018707, 'MCC': 0.9135541492801161, 'val_Loss': 0.1063756120734309}
[2026-01-01 23:47:06,879][Training process][INFO] - [base_model4]-[model4]-[Epoch 0018] - time:   22 s, train_loss: 0.09941, val_loss: 0.10485
[2026-01-01 23:47:06,925][metric:][INFO] - {'AUROC': 0.9923421531829437, 'AUPRC': 0.9948223858319182, 'ACC': 0.9610982211910286, 'BACC': 0.9572759916719649, 'F1': 0.9688718361284733, 'MCC': 0.9170799033197711, 'val_Loss': 0.10485059081723816}
[2026-01-01 23:47:33,006][Training process][INFO] - [base_model4]-[model4]-[Epoch 0019] - time:   22 s, train_loss: 0.09772, val_loss: 0.10165
[2026-01-01 23:47:33,052][metric:][INFO] - {'AUROC': 0.9926668796448813, 'AUPRC': 0.9949478859798231, 'ACC': 0.9622840938386182, 'BACC': 0.9578801650949302, 'F1': 0.9698816263510036, 'MCC': 0.9195717820078678, 'val_Loss': 0.10165395822964217}
[2026-01-01 23:47:59,081][Training process][INFO] - [base_model4]-[model4]-[Epoch 0020] - time:   22 s, train_loss: 0.09671, val_loss: 0.10466
[2026-01-01 23:47:59,133][metric:][INFO] - {'AUROC': 0.9923947389302844, 'AUPRC': 0.9947103378894548, 'ACC': 0.9618200567156484, 'BACC': 0.9584862979717566, 'F1': 0.9694077792237301, 'MCC': 0.918661015457167, 'val_Loss': 0.10466243936925342}
[2026-01-01 23:48:25,279][Training process][INFO] - [base_model4]-[model4]-[Epoch 0021] - time:   22 s, train_loss: 0.09418, val_loss: 0.10190
[2026-01-01 23:48:25,330][metric:][INFO] - {'AUROC': 0.9927933181413172, 'AUPRC': 0.9951274075176946, 'ACC': 0.9615364784738335, 'BACC': 0.959049679127979, 'F1': 0.9690982146555652, 'MCC': 0.9181732886345724, 'val_Loss': 0.10190048843230072}
[2026-01-01 23:48:51,061][Training process][INFO] - [base_model4]-[model4]-[Epoch 0022] - time:   21 s, train_loss: 0.09296, val_loss: 0.10497
[2026-01-01 23:48:51,108][metric:][INFO] - {'AUROC': 0.9927654150093871, 'AUPRC': 0.9950597792190449, 'ACC': 0.9612271203918535, 'BACC': 0.9543889527111005, 'F1': 0.9692609548724657, 'MCC': 0.9173912108160627, 'val_Loss': 0.10496508021299776}
[2026-01-01 23:49:17,211][Training process][INFO] - [base_model4]-[model4]-[Epoch 0023] - time:   22 s, train_loss: 0.09184, val_loss: 0.10358
[2026-01-01 23:49:17,258][metric:][INFO] - {'AUROC': 0.9923563387240991, 'AUPRC': 0.9947613568496555, 'ACC': 0.9602474864655839, 'BACC': 0.9561230439306502, 'F1': 0.9682153605144906, 'MCC': 0.9152455512735511, 'val_Loss': 0.1035849473586208}
[2026-01-01 23:49:43,009][Training process][INFO] - [base_model4]-[model4]-[Epoch 0024] - time:   21 s, train_loss: 0.09045, val_loss: 0.10242
[2026-01-01 23:49:43,055][metric:][INFO] - {'AUROC': 0.992760816089178, 'AUPRC': 0.9950664302800928, 'ACC': 0.962670791441093, 'BACC': 0.9581506460701092, 'F1': 0.9702033089143139, 'MCC': 0.9203934628193854, 'val_Loss': 0.10241863023685782}
[2026-01-01 23:50:09,031][Training process][INFO] - [base_model4]-[model4]-[Epoch 0025] - time:   22 s, train_loss: 0.07998, val_loss: 0.09906
[2026-01-01 23:50:09,078][metric:][INFO] - {'AUROC': 0.9932758682914038, 'AUPRC': 0.995399779031062, 'ACC': 0.9638566640886826, 'BACC': 0.9595326463335412, 'F1': 0.971139198814278, 'MCC': 0.9229303144200144, 'val_Loss': 0.09905723854899406}
[2026-01-01 23:50:35,236][Training process][INFO] - [base_model4]-[model4]-[Epoch 0026] - time:   22 s, train_loss: 0.07639, val_loss: 0.09907
[2026-01-01 23:50:35,288][metric:][INFO] - {'AUROC': 0.9933137623760294, 'AUPRC': 0.995420905953794, 'ACC': 0.9638051044083527, 'BACC': 0.9592498233437831, 'F1': 0.9711182424092817, 'MCC': 0.9228152595613576, 'val_Loss': 0.09906658743459143}
[2026-01-01 23:51:01,261][Training process][INFO] - [base_model4]-[model4]-[Epoch 0027] - time:   22 s, train_loss: 0.07563, val_loss: 0.09750
[2026-01-01 23:51:01,308][metric:][INFO] - {'AUROC': 0.9935362211803921, 'AUPRC': 0.9955737763893755, 'ACC': 0.9640629028100026, 'BACC': 0.9596715385305989, 'F1': 0.9713109693352542, 'MCC': 0.9233688616324414, 'val_Loss': 0.09749544610416419}
[2026-01-01 23:51:27,613][Training process][INFO] - [base_model4]-[model4]-[Epoch 0028] - time:   22 s, train_loss: 0.07560, val_loss: 0.09700
[2026-01-01 23:51:27,660][metric:][INFO] - {'AUROC': 0.9934872687638037, 'AUPRC': 0.9955374188632498, 'ACC': 0.9637019850476927, 'BACC': 0.9600386689312864, 'F1': 0.9709558975205248, 'MCC': 0.9226335009316377, 'val_Loss': 0.09700063785145942}
[2026-01-01 23:51:54,049][Training process][INFO] - [base_model4]-[model4]-[Epoch 0029] - time:   22 s, train_loss: 0.07323, val_loss: 0.09900
[2026-01-01 23:51:54,101][metric:][INFO] - {'AUROC': 0.9933234620967656, 'AUPRC': 0.9954266641642955, 'ACC': 0.9634957463263728, 'BACC': 0.9598461335038516, 'F1': 0.9707884639188018, 'MCC': 0.9221955193175315, 'val_Loss': 0.09900131880452759}
[2026-01-01 23:52:20,549][Training process][INFO] - [base_model4]-[model4]-[Epoch 0030] - time:   22 s, train_loss: 0.07394, val_loss: 0.09731
[2026-01-01 23:52:20,603][metric:][INFO] - {'AUROC': 0.9934697496063393, 'AUPRC': 0.995501466779112, 'ACC': 0.9639855632895076, 'BACC': 0.9604945091522272, 'F1': 0.9711691259931896, 'MCC': 0.9232499011216859, 'val_Loss': 0.09730912416585182}
[2026-01-01 23:52:46,346][Training process][INFO] - [base_model4]-[model4]-[Epoch 0031] - time:   21 s, train_loss: 0.07291, val_loss: 0.09726
[2026-01-01 23:52:46,397][metric:][INFO] - {'AUROC': 0.9935316462938885, 'AUPRC': 0.9955530706375534, 'ACC': 0.9637019850476927, 'BACC': 0.9596631663186473, 'F1': 0.9709894094861334, 'MCC': 0.9226112265957077, 'val_Loss': 0.09725559943992841}
[2026-01-01 23:53:11,998][Training process][INFO] - [base_model4]-[model4]-[Epoch 0032] - time:   21 s, train_loss: 0.07175, val_loss: 0.09736
[2026-01-01 23:53:12,050][metric:][INFO] - {'AUROC': 0.9934575772414451, 'AUPRC': 0.9955250038473336, 'ACC': 0.9637277648878577, 'BACC': 0.960367831732485, 'F1': 0.9709495591848533, 'MCC': 0.9227127043404731, 'val_Loss': 0.09736280952041086}
[2026-01-01 23:53:37,793][Training process][INFO] - [base_model4]-[model4]-[Epoch 0033] - time:   22 s, train_loss: 0.07185, val_loss: 0.10065
[2026-01-01 23:53:37,844][metric:][INFO] - {'AUROC': 0.9933484246341565, 'AUPRC': 0.9954703049920952, 'ACC': 0.9634184068058778, 'BACC': 0.9608166230090167, 'F1': 0.9706314547674731, 'MCC': 0.922142611941214, 'val_Loss': 0.10065051212318633}
[2026-01-01 23:54:03,739][Training process][INFO] - [base_model4]-[model4]-[Epoch 0034] - time:   22 s, train_loss: 0.06769, val_loss: 0.09810
[2026-01-01 23:54:03,790][metric:][INFO] - {'AUROC': 0.9936384110818614, 'AUPRC': 0.9956719673949089, 'ACC': 0.9642175818509925, 'BACC': 0.9613782991859054, 'F1': 0.971298593879239, 'MCC': 0.9238070869134167, 'val_Loss': 0.09810344752316412}
[2026-01-01 23:54:29,419][Training process][INFO] - [base_model4]-[model4]-[Epoch 0035] - time:   21 s, train_loss: 0.06818, val_loss: 0.09795
[2026-01-01 23:54:29,471][metric:][INFO] - {'AUROC': 0.9935787806313533, 'AUPRC': 0.9956213645869052, 'ACC': 0.9641402423304976, 'BACC': 0.9601762378608016, 'F1': 0.9713355451604262, 'MCC': 0.923549035987965, 'val_Loss': 0.09794732893964178}
[2026-01-01 23:54:55,187][Training process][INFO] - [base_model4]-[model4]-[Epoch 0036] - time:   21 s, train_loss: 0.06840, val_loss: 0.09797
[2026-01-01 23:54:55,238][metric:][INFO] - {'AUROC': 0.9935794662988299, 'AUPRC': 0.995613074268171, 'ACC': 0.9642175818509925, 'BACC': 0.9612307803023687, 'F1': 0.9713116448265884, 'MCC': 0.9237904008203341, 'val_Loss': 0.09797460659358062}
[2026-01-01 23:55:20,735][Training process][INFO] - [base_model4]-[model4]-[Epoch 0037] - time:   21 s, train_loss: 0.06864, val_loss: 0.09736
[2026-01-01 23:55:20,787][metric:][INFO] - {'AUROC': 0.9936399817551941, 'AUPRC': 0.9956630276556995, 'ACC': 0.9639340036091776, 'BACC': 0.9606408320054853, 'F1': 0.9711099638616417, 'MCC': 0.9231572062820317, 'val_Loss': 0.0973583510341613}
[2026-01-01 23:55:46,573][Training process][INFO] - [base_model4]-[model4]-[Epoch 0038] - time:   22 s, train_loss: 0.06797, val_loss: 0.09841
[2026-01-01 23:55:46,573][EarlyStop][INFO] - Stopped at epoch 38
[2026-01-01 23:55:46,682][root][INFO] - Run directory: /home/lyb/ben_project/LyraMHC_Project/outputs/transpMHC_train/transpMHC_train/2026-01-01_22-18-38
[2026-01-01 23:55:46,683][root][INFO] - Checkpoints directory: /home/lyb/ben_project/LyraMHC_Project/outputs/transpMHC_train/transpMHC_train/2026-01-01_22-18-38/checkpoints
[2026-01-01 23:55:46,699][Test][INFO] - Loading fold 0
[2026-01-01 23:55:54,603][Fold result][INFO] - {'AUC': 0.905721106731695, 'AUPR': 0.9077838909371936, 'ACC': 0.8318806398687448, 'BACC': 0.8303387459491345, 'F1': 0.8186494109839058, 'MCC': 0.6643352918912703, 'fold': 0, 'score': 0.9067524988344443}
[2026-01-01 23:55:54,604][Test][INFO] - Loading fold 1
[2026-01-01 23:55:56,561][Fold result][INFO] - {'AUC': 0.8842782519921386, 'AUPR': 0.8874163889653399, 'ACC': 0.8149610336341263, 'BACC': 0.8138047491895848, 'F1': 0.8028407538923791, 'MCC': 0.6296355570628328, 'fold': 1, 'score': 0.8858473204787393}
[2026-01-01 23:55:56,561][Test][INFO] - Loading fold 2
[2026-01-01 23:55:58,512][Fold result][INFO] - {'AUC': 0.8967041805678708, 'AUPR': 0.9031678739653312, 'ACC': 0.8242411812961444, 'BACC': 0.8230511229339466, 'F1': 0.812472647702407, 'MCC': 0.6483368415635765, 'fold': 2, 'score': 0.899936027266601}
[2026-01-01 23:55:58,513][Test][INFO] - Loading fold 3
[2026-01-01 23:56:00,472][Fold result][INFO] - {'AUC': 0.8905667960087671, 'AUPR': 0.8912706816438357, 'ACC': 0.8183962264150944, 'BACC': 0.8172714885658017, 'F1': 0.8066593886462882, 'MCC': 0.636505784360092, 'fold': 3, 'score': 0.8909187388263013}
[2026-01-01 23:56:00,472][Test][INFO] - Loading fold 4
[2026-01-01 23:56:02,423][Fold result][INFO] - {'AUC': 0.8934244230454333, 'AUPR': 0.900943749935033, 'ACC': 0.8252666119770303, 'BACC': 0.8246662629220279, 'F1': 0.8168135884755966, 'MCC': 0.6499795257096426, 'fold': 4, 'score': 0.8971840864902332}
[2026-01-01 23:56:02,433][Best model][INFO] - {'best_fold': 0, 'best_score': 0.9067524988344443, 'model_path': '/home/lyb/ben_project/LyraMHC_Project/outputs/transpMHC_train/transpMHC_train/2026-01-01_22-18-38/checkpoints/best_model.pt'}
